1481634192615	geckodriver	INFO	Listening on 127.0.0.1:37624
1481634193616	mozprofile::profile	INFO	Using profile path /tmp/rust_mozprofile.NAYoIjT7EtOf
1481634193617	geckodriver::marionette	INFO	Starting browser /usr/bin/firefox
1481634193621	geckodriver::marionette	INFO	Connecting to Marionette on localhost:41742
1481634194862	Marionette	INFO	Listening on port 41742
Vector smash protection is enabled.

(firefox:5978): GLib-GObject-CRITICAL **: g_type_add_interface_static: assertion 'g_type_parent (interface_type) == G_TYPE_INTERFACE' failed

(firefox:5978): GLib-GObject-CRITICAL **: g_type_add_interface_static: assertion 'g_type_parent (interface_type) == G_TYPE_INTERFACE' failed

(firefox:5978): GLib-GObject-CRITICAL **: g_type_add_interface_static: assertion 'g_type_parent (interface_type) == G_TYPE_INTERFACE' failed
1481634331123	geckodriver	INFO	Listening on 127.0.0.1:39630
1481634332125	mozprofile::profile	INFO	Using profile path /tmp/rust_mozprofile.3wWDp3ZKLgWp
1481634332126	geckodriver::marionette	INFO	Starting browser /usr/bin/firefox
1481634332128	geckodriver::marionette	INFO	Connecting to Marionette on localhost:36819
1481634333372	Marionette	INFO	Listening on port 36819
Vector smash protection is enabled.

(firefox:6178): GLib-GObject-CRITICAL **: g_type_add_interface_static: assertion 'g_type_parent (interface_type) == G_TYPE_INTERFACE' failed

(firefox:6178): GLib-GObject-CRITICAL **: g_type_add_interface_static: assertion 'g_type_parent (interface_type) == G_TYPE_INTERFACE' failed

(firefox:6178): GLib-GObject-CRITICAL **: g_type_add_interface_static: assertion 'g_type_parent (interface_type) == G_TYPE_INTERFACE' failed
1481634437084	geckodriver	INFO	Listening on 127.0.0.1:45261
1481634438089	mozprofile::profile	INFO	Using profile path /tmp/rust_mozprofile.6T2QrWsV2A2B
1481634438089	geckodriver::marionette	INFO	Starting browser /usr/bin/firefox
1481634438094	geckodriver::marionette	INFO	Connecting to Marionette on localhost:33957
1481634439184	Marionette	INFO	Listening on port 33957
Vector smash protection is enabled.

(firefox:6405): GLib-GObject-CRITICAL **: g_type_add_interface_static: assertion 'g_type_parent (interface_type) == G_TYPE_INTERFACE' failed

(firefox:6405): GLib-GObject-CRITICAL **: g_type_add_interface_static: assertion 'g_type_parent (interface_type) == G_TYPE_INTERFACE' failed

(firefox:6405): GLib-GObject-CRITICAL **: g_type_add_interface_static: assertion 'g_type_parent (interface_type) == G_TYPE_INTERFACE' failed
[NPAPI 6508] ###!!! ABORT: Aborting on channel error.: file /build/firefox-GoqHGf/firefox-50.0.2+build1/ipc/glue/MessageChannel.cpp, line 2056
[NPAPI 6508] ###!!! ABORT: Aborting on channel error.: file /build/firefox-GoqHGf/firefox-50.0.2+build1/ipc/glue/MessageChannel.cpp, line 2056
[Child 6464] WARNING: pipe error (3): 连接被对方重设: file /build/firefox-GoqHGf/firefox-50.0.2+build1/ipc/chromium/src/chrome/common/ipc_channel_posix.cc, line 320
[Child 6464] ###!!! ABORT: Aborting on channel error.: file /build/firefox-GoqHGf/firefox-50.0.2+build1/ipc/glue/MessageChannel.cpp, line 2056
[Child 6464] ###!!! ABORT: Aborting on channel error.: file /build/firefox-GoqHGf/firefox-50.0.2+build1/ipc/glue/MessageChannel.cpp, line 2056
1481634596826	geckodriver	INFO	Listening on 127.0.0.1:59601
1481634597826	mozprofile::profile	INFO	Using profile path /tmp/rust_mozprofile.FOycssHYaekH
1481634597827	geckodriver::marionette	INFO	Starting browser /usr/bin/firefox
1481634597834	geckodriver::marionette	INFO	Connecting to Marionette on localhost:45072
1481634599099	Marionette	INFO	Listening on port 45072
Vector smash protection is enabled.

(firefox:6556): GLib-GObject-CRITICAL **: g_type_add_interface_static: assertion 'g_type_parent (interface_type) == G_TYPE_INTERFACE' failed

(firefox:6556): GLib-GObject-CRITICAL **: g_type_add_interface_static: assertion 'g_type_parent (interface_type) == G_TYPE_INTERFACE' failed

(firefox:6556): GLib-GObject-CRITICAL **: g_type_add_interface_static: assertion 'g_type_parent (interface_type) == G_TYPE_INTERFACE' failed

(firefox:6556): GLib-GObject-CRITICAL **: g_type_add_interface_static: assertion 'g_type_parent (interface_type) == G_TYPE_INTERFACE' failed

(firefox:6556): GLib-GObject-CRITICAL **: g_type_add_interface_static: assertion 'g_type_parent (interface_type) == G_TYPE_INTERFACE' failed

(firefox:6556): GLib-GObject-CRITICAL **: g_type_add_interface_static: assertion 'g_type_parent (interface_type) == G_TYPE_INTERFACE' failed
Vector smash protection is enabled.
1481634765392	geckodriver	INFO	Listening on 127.0.0.1:37651
1481634766392	mozprofile::profile	INFO	Using profile path /tmp/rust_mozprofile.j5Zyf8qLtMvL
1481634766393	geckodriver::marionette	INFO	Starting browser /usr/bin/firefox
1481634766397	geckodriver::marionette	INFO	Connecting to Marionette on localhost:43106
1481634767640	Marionette	INFO	Listening on port 43106
Vector smash protection is enabled.

(firefox:6775): GLib-GObject-CRITICAL **: g_type_add_interface_static: assertion 'g_type_parent (interface_type) == G_TYPE_INTERFACE' failed

(firefox:6775): GLib-GObject-CRITICAL **: g_type_add_interface_static: assertion 'g_type_parent (interface_type) == G_TYPE_INTERFACE' failed

(firefox:6775): GLib-GObject-CRITICAL **: g_type_add_interface_static: assertion 'g_type_parent (interface_type) == G_TYPE_INTERFACE' failed
JavaScript error: resource://gre/modules/LoginManagerParent.jsm, line 76: TypeError: null is not a valid URL.

(firefox:6775): GLib-GObject-CRITICAL **: g_type_add_interface_static: assertion 'g_type_parent (interface_type) == G_TYPE_INTERFACE' failed

(firefox:6775): GLib-GObject-CRITICAL **: g_type_add_interface_static: assertion 'g_type_parent (interface_type) == G_TYPE_INTERFACE' failed
Vector smash protection is enabled.

(firefox:6775): GLib-GObject-CRITICAL **: g_type_add_interface_static: assertion 'g_type_parent (interface_type) == G_TYPE_INTERFACE' failed
JavaScript warning: http://message.csdn.net/msg.popup.js, line 176: redeclaration of block-scoped function `_msg_item_click_count' is deprecated
JavaScript warning: http://message.csdn.net/msg.popup.js, line 183: redeclaration of block-scoped function `_message_callback' is deprecated
JavaScript warning: http://message.csdn.net/msg.popup.js, line 219: redeclaration of block-scoped function `_message_get_search_args' is deprecated
JavaScript warning: http://message.csdn.net/msg.popup.js, line 236: redeclaration of block-scoped function `_msg_item_click_count' is deprecated
JavaScript warning: http://message.csdn.net/msg.popup.js, line 243: redeclaration of block-scoped function `_message_callback' is deprecated
JavaScript warning: http://message.csdn.net/msg.popup.js, line 279: redeclaration of block-scoped function `_message_get_search_args' is deprecated
JavaScript warning: http://message.csdn.net/msg.popup.js, line 296: redeclaration of block-scoped function `_msg_item_click_count' is deprecated
JavaScript warning: http://message.csdn.net/msg.popup.js, line 303: redeclaration of block-scoped function `_message_callback' is deprecated
JavaScript warning: http://message.csdn.net/msg.popup.js, line 339: redeclaration of block-scoped function `_message_get_search_args' is deprecated
JavaScript warning: http://message.csdn.net/msg.popup.js, line 356: redeclaration of block-scoped function `_msg_item_click_count' is deprecated
JavaScript warning: http://message.csdn.net/msg.popup.js, line 363: redeclaration of block-scoped function `_message_callback' is deprecated
JavaScript warning: http://message.csdn.net/msg.popup.js, line 399: redeclaration of block-scoped function `_message_get_search_args' is deprecated
JavaScript warning: http://message.csdn.net/msg.popup.js, line 416: redeclaration of block-scoped function `_msg_item_click_count' is deprecated
JavaScript warning: http://message.csdn.net/msg.popup.js, line 423: redeclaration of block-scoped function `_message_callback' is deprecated
JavaScript warning: http://message.csdn.net/msg.popup.js, line 459: redeclaration of block-scoped function `_message_get_search_args' is deprecated
JavaScript warning: http://message.csdn.net/msg.popup.js, line 476: redeclaration of block-scoped function `_msg_item_click_count' is deprecated
JavaScript warning: http://message.csdn.net/msg.popup.js, line 483: redeclaration of block-scoped function `_message_callback' is deprecated
JavaScript warning: http://message.csdn.net/msg.popup.js, line 519: redeclaration of block-scoped function `_message_get_search_args' is deprecated
JavaScript warning: http://message.csdn.net/msg.popup.js, line 536: redeclaration of block-scoped function `_msg_item_click_count' is deprecated
JavaScript warning: http://message.csdn.net/msg.popup.js, line 543: redeclaration of block-scoped function `_message_callback' is deprecated
JavaScript warning: http://message.csdn.net/msg.popup.js, line 579: redeclaration of block-scoped function `_message_get_search_args' is deprecated
JavaScript warning: http://message.csdn.net/msg.popup.js, line 596: redeclaration of block-scoped function `_msg_item_click_count' is deprecated
JavaScript warning: http://message.csdn.net/msg.popup.js, line 603: redeclaration of block-scoped function `_message_callback' is deprecated
JavaScript warning: http://message.csdn.net/msg.popup.js, line 639: redeclaration of block-scoped function `_message_get_search_args' is deprecated
JavaScript warning: http://message.csdn.net/msg.popup.js, line 656: redeclaration of block-scoped function `_msg_item_click_count' is deprecated
JavaScript warning: http://message.csdn.net/msg.popup.js, line 663: redeclaration of block-scoped function `_message_callback' is deprecated
JavaScript warning: http://message.csdn.net/msg.popup.js, line 699: redeclaration of block-scoped function `_message_get_search_args' is deprecated
JavaScript warning: http://message.csdn.net/msg.popup.js, line 716: redeclaration of block-scoped function `_msg_item_click_count' is deprecated
JavaScript warning: http://message.csdn.net/msg.popup.js, line 723: redeclaration of block-scoped function `_message_callback' is deprecated
JavaScript warning: http://message.csdn.net/msg.popup.js, line 759: redeclaration of block-scoped function `_message_get_search_args' is deprecated
JavaScript warning: http://message.csdn.net/msg.popup.js, line 776: redeclaration of block-scoped function `_msg_item_click_count' is deprecated
JavaScript warning: http://message.csdn.net/msg.popup.js, line 783: redeclaration of block-scoped function `_message_callback' is deprecated
JavaScript warning: http://message.csdn.net/msg.popup.js, line 819: redeclaration of block-scoped function `_message_get_search_args' is deprecated
JavaScript warning: http://message.csdn.net/msg.popup.js, line 836: redeclaration of block-scoped function `_msg_item_click_count' is deprecated
JavaScript warning: http://message.csdn.net/msg.popup.js, line 843: redeclaration of block-scoped function `_message_callback' is deprecated
JavaScript warning: http://message.csdn.net/msg.popup.js, line 879: redeclaration of block-scoped function `_message_get_search_args' is deprecated
JavaScript warning: http://message.csdn.net/msg.popup.js, line 896: redeclaration of block-scoped function `_msg_item_click_count' is deprecated
JavaScript warning: http://message.csdn.net/msg.popup.js, line 903: redeclaration of block-scoped function `_message_callback' is deprecated
JavaScript warning: http://message.csdn.net/msg.popup.js, line 939: redeclaration of block-scoped function `_message_get_search_args' is deprecated
JavaScript warning: http://message.csdn.net/msg.popup.js, line 956: redeclaration of block-scoped function `_msg_item_click_count' is deprecated
JavaScript warning: http://message.csdn.net/msg.popup.js, line 963: redeclaration of block-scoped function `_message_callback' is deprecated
JavaScript warning: http://message.csdn.net/msg.popup.js, line 999: redeclaration of block-scoped function `_message_get_search_args' is deprecated
JavaScript warning: http://message.csdn.net/msg.popup.js, line 1016: redeclaration of block-scoped function `_msg_item_click_count' is deprecated
JavaScript warning: http://message.csdn.net/msg.popup.js, line 1023: redeclaration of block-scoped function `_message_callback' is deprecated
JavaScript warning: http://message.csdn.net/msg.popup.js, line 1059: redeclaration of block-scoped function `_message_get_search_args' is deprecated
JavaScript warning: http://message.csdn.net/msg.popup.js, line 1076: redeclaration of block-scoped function `_msg_item_click_count' is deprecated
JavaScript warning: http://message.csdn.net/msg.popup.js, line 1083: redeclaration of block-scoped function `_message_callback' is deprecated
JavaScript warning: http://message.csdn.net/msg.popup.js, line 1119: redeclaration of block-scoped function `_message_get_search_args' is deprecated
JavaScript warning: http://message.csdn.net/msg.popup.js, line 1136: redeclaration of block-scoped function `_msg_item_click_count' is deprecated
JavaScript warning: http://message.csdn.net/msg.popup.js, line 1143: redeclaration of block-scoped function `_message_callback' is deprecated
JavaScript warning: http://message.csdn.net/msg.popup.js, line 1179: redeclaration of block-scoped function `_message_get_search_args' is deprecated
JavaScript warning: http://message.csdn.net/msg.popup.js, line 1196: redeclaration of block-scoped function `_msg_item_click_count' is deprecated
JavaScript warning: http://message.csdn.net/msg.popup.js, line 1203: redeclaration of block-scoped function `_message_callback' is deprecated
JavaScript warning: http://message.csdn.net/msg.popup.js, line 1239: redeclaration of block-scoped function `_message_get_search_args' is deprecated
JavaScript warning: http://message.csdn.net/msg.popup.js, line 1256: redeclaration of block-scoped function `_msg_item_click_count' is deprecated
JavaScript warning: http://message.csdn.net/msg.popup.js, line 1263: redeclaration of block-scoped function `_message_callback' is deprecated
JavaScript warning: http://message.csdn.net/msg.popup.js, line 1299: redeclaration of block-scoped function `_message_get_search_args' is deprecated
JavaScript warning: http://message.csdn.net/msg.popup.js, line 1316: redeclaration of block-scoped function `_msg_item_click_count' is deprecated
JavaScript warning: http://message.csdn.net/msg.popup.js, line 1323: redeclaration of block-scoped function `_message_callback' is deprecated
JavaScript warning: http://message.csdn.net/msg.popup.js, line 1359: redeclaration of block-scoped function `_message_get_search_args' is deprecated
JavaScript warning: http://message.csdn.net/msg.popup.js, line 1376: redeclaration of block-scoped function `_msg_item_click_count' is deprecated
JavaScript warning: http://message.csdn.net/msg.popup.js, line 1383: redeclaration of block-scoped function `_message_callback' is deprecated
JavaScript warning: http://message.csdn.net/msg.popup.js, line 1419: redeclaration of block-scoped function `_message_get_search_args' is deprecated
JavaScript warning: http://message.csdn.net/msg.popup.js, line 1436: redeclaration of block-scoped function `_msg_item_click_count' is deprecated
JavaScript warning: http://message.csdn.net/msg.popup.js, line 1443: redeclaration of block-scoped function `_message_callback' is deprecated
JavaScript warning: http://message.csdn.net/msg.popup.js, line 1479: redeclaration of block-scoped function `_message_get_search_args' is deprecated
JavaScript warning: http://message.csdn.net/msg.popup.js, line 1496: redeclaration of block-scoped function `_msg_item_click_count' is deprecated
JavaScript warning: http://message.csdn.net/msg.popup.js, line 1503: redeclaration of block-scoped function `_message_callback' is deprecated
JavaScript warning: http://message.csdn.net/msg.popup.js, line 1539: redeclaration of block-scoped function `_message_get_search_args' is deprecated
JavaScript warning: http://message.csdn.net/msg.popup.js, line 176: redeclaration of block-scoped function `_msg_item_click_count' is deprecated
JavaScript warning: http://message.csdn.net/msg.popup.js, line 183: redeclaration of block-scoped function `_message_callback' is deprecated
JavaScript warning: http://message.csdn.net/msg.popup.js, line 219: redeclaration of block-scoped function `_message_get_search_args' is deprecated
JavaScript warning: http://message.csdn.net/msg.popup.js, line 236: redeclaration of block-scoped function `_msg_item_click_count' is deprecated
JavaScript warning: http://message.csdn.net/msg.popup.js, line 243: redeclaration of block-scoped function `_message_callback' is deprecated
JavaScript warning: http://message.csdn.net/msg.popup.js, line 279: redeclaration of block-scoped function `_message_get_search_args' is deprecated
JavaScript warning: http://message.csdn.net/msg.popup.js, line 296: redeclaration of block-scoped function `_msg_item_click_count' is deprecated
JavaScript warning: http://message.csdn.net/msg.popup.js, line 303: redeclaration of block-scoped function `_message_callback' is deprecated
JavaScript warning: http://message.csdn.net/msg.popup.js, line 339: redeclaration of block-scoped function `_message_get_search_args' is deprecated
JavaScript warning: http://message.csdn.net/msg.popup.js, line 356: redeclaration of block-scoped function `_msg_item_click_count' is deprecated
JavaScript warning: http://message.csdn.net/msg.popup.js, line 363: redeclaration of block-scoped function `_message_callback' is deprecated
JavaScript warning: http://message.csdn.net/msg.popup.js, line 399: redeclaration of block-scoped function `_message_get_search_args' is deprecated
JavaScript warning: http://message.csdn.net/msg.popup.js, line 416: redeclaration of block-scoped function `_msg_item_click_count' is deprecated
JavaScript warning: http://message.csdn.net/msg.popup.js, line 423: redeclaration of block-scoped function `_message_callback' is deprecated
JavaScript warning: http://message.csdn.net/msg.popup.js, line 459: redeclaration of block-scoped function `_message_get_search_args' is deprecated
JavaScript warning: http://message.csdn.net/msg.popup.js, line 476: redeclaration of block-scoped function `_msg_item_click_count' is deprecated
JavaScript warning: http://message.csdn.net/msg.popup.js, line 483: redeclaration of block-scoped function `_message_callback' is deprecated
JavaScript warning: http://message.csdn.net/msg.popup.js, line 519: redeclaration of block-scoped function `_message_get_search_args' is deprecated
JavaScript warning: http://message.csdn.net/msg.popup.js, line 536: redeclaration of block-scoped function `_msg_item_click_count' is deprecated
JavaScript warning: http://message.csdn.net/msg.popup.js, line 543: redeclaration of block-scoped function `_message_callback' is deprecated
JavaScript warning: http://message.csdn.net/msg.popup.js, line 579: redeclaration of block-scoped function `_message_get_search_args' is deprecated
JavaScript warning: http://message.csdn.net/msg.popup.js, line 596: redeclaration of block-scoped function `_msg_item_click_count' is deprecated
JavaScript warning: http://message.csdn.net/msg.popup.js, line 603: redeclaration of block-scoped function `_message_callback' is deprecated
JavaScript warning: http://message.csdn.net/msg.popup.js, line 639: redeclaration of block-scoped function `_message_get_search_args' is deprecated
JavaScript warning: http://message.csdn.net/msg.popup.js, line 656: redeclaration of block-scoped function `_msg_item_click_count' is deprecated
JavaScript warning: http://message.csdn.net/msg.popup.js, line 663: redeclaration of block-scoped function `_message_callback' is deprecated
JavaScript warning: http://message.csdn.net/msg.popup.js, line 699: redeclaration of block-scoped function `_message_get_search_args' is deprecated
JavaScript warning: http://message.csdn.net/msg.popup.js, line 716: redeclaration of block-scoped function `_msg_item_click_count' is deprecated
JavaScript warning: http://message.csdn.net/msg.popup.js, line 723: redeclaration of block-scoped function `_message_callback' is deprecated
JavaScript warning: http://message.csdn.net/msg.popup.js, line 759: redeclaration of block-scoped function `_message_get_search_args' is deprecated
JavaScript warning: http://message.csdn.net/msg.popup.js, line 776: redeclaration of block-scoped function `_msg_item_click_count' is deprecated
JavaScript warning: http://message.csdn.net/msg.popup.js, line 783: redeclaration of block-scoped function `_message_callback' is deprecated
JavaScript warning: http://message.csdn.net/msg.popup.js, line 819: redeclaration of block-scoped function `_message_get_search_args' is deprecated
JavaScript warning: http://message.csdn.net/msg.popup.js, line 836: redeclaration of block-scoped function `_msg_item_click_count' is deprecated
JavaScript warning: http://message.csdn.net/msg.popup.js, line 843: redeclaration of block-scoped function `_message_callback' is deprecated
JavaScript warning: http://message.csdn.net/msg.popup.js, line 879: redeclaration of block-scoped function `_message_get_search_args' is deprecated
JavaScript warning: http://message.csdn.net/msg.popup.js, line 896: redeclaration of block-scoped function `_msg_item_click_count' is deprecated
JavaScript warning: http://message.csdn.net/msg.popup.js, line 903: redeclaration of block-scoped function `_message_callback' is deprecated
JavaScript warning: http://message.csdn.net/msg.popup.js, line 939: redeclaration of block-scoped function `_message_get_search_args' is deprecated
JavaScript warning: http://message.csdn.net/msg.popup.js, line 956: redeclaration of block-scoped function `_msg_item_click_count' is deprecated
JavaScript warning: http://message.csdn.net/msg.popup.js, line 963: redeclaration of block-scoped function `_message_callback' is deprecated
JavaScript warning: http://message.csdn.net/msg.popup.js, line 999: redeclaration of block-scoped function `_message_get_search_args' is deprecated
JavaScript warning: http://message.csdn.net/msg.popup.js, line 1016: redeclaration of block-scoped function `_msg_item_click_count' is deprecated
JavaScript warning: http://message.csdn.net/msg.popup.js, line 1023: redeclaration of block-scoped function `_message_callback' is deprecated
JavaScript warning: http://message.csdn.net/msg.popup.js, line 1059: redeclaration of block-scoped function `_message_get_search_args' is deprecated
JavaScript warning: http://message.csdn.net/msg.popup.js, line 1076: redeclaration of block-scoped function `_msg_item_click_count' is deprecated
JavaScript warning: http://message.csdn.net/msg.popup.js, line 1083: redeclaration of block-scoped function `_message_callback' is deprecated
JavaScript warning: http://message.csdn.net/msg.popup.js, line 1119: redeclaration of block-scoped function `_message_get_search_args' is deprecated
JavaScript warning: http://message.csdn.net/msg.popup.js, line 1136: redeclaration of block-scoped function `_msg_item_click_count' is deprecated
JavaScript warning: http://message.csdn.net/msg.popup.js, line 1143: redeclaration of block-scoped function `_message_callback' is deprecated
JavaScript warning: http://message.csdn.net/msg.popup.js, line 1179: redeclaration of block-scoped function `_message_get_search_args' is deprecated
JavaScript warning: http://message.csdn.net/msg.popup.js, line 1196: redeclaration of block-scoped function `_msg_item_click_count' is deprecated
JavaScript warning: http://message.csdn.net/msg.popup.js, line 1203: redeclaration of block-scoped function `_message_callback' is deprecated
JavaScript warning: http://message.csdn.net/msg.popup.js, line 1239: redeclaration of block-scoped function `_message_get_search_args' is deprecated
JavaScript warning: http://message.csdn.net/msg.popup.js, line 1256: redeclaration of block-scoped function `_msg_item_click_count' is deprecated
JavaScript warning: http://message.csdn.net/msg.popup.js, line 1263: redeclaration of block-scoped function `_message_callback' is deprecated
JavaScript warning: http://message.csdn.net/msg.popup.js, line 1299: redeclaration of block-scoped function `_message_get_search_args' is deprecated
JavaScript warning: http://message.csdn.net/msg.popup.js, line 1316: redeclaration of block-scoped function `_msg_item_click_count' is deprecated
JavaScript warning: http://message.csdn.net/msg.popup.js, line 1323: redeclaration of block-scoped function `_message_callback' is deprecated
JavaScript warning: http://message.csdn.net/msg.popup.js, line 1359: redeclaration of block-scoped function `_message_get_search_args' is deprecated
JavaScript warning: http://message.csdn.net/msg.popup.js, line 1376: redeclaration of block-scoped function `_msg_item_click_count' is deprecated
JavaScript warning: http://message.csdn.net/msg.popup.js, line 1383: redeclaration of block-scoped function `_message_callback' is deprecated
JavaScript warning: http://message.csdn.net/msg.popup.js, line 1419: redeclaration of block-scoped function `_message_get_search_args' is deprecated
JavaScript warning: http://message.csdn.net/msg.popup.js, line 1436: redeclaration of block-scoped function `_msg_item_click_count' is deprecated
JavaScript warning: http://message.csdn.net/msg.popup.js, line 1443: redeclaration of block-scoped function `_message_callback' is deprecated
JavaScript warning: http://message.csdn.net/msg.popup.js, line 1479: redeclaration of block-scoped function `_message_get_search_args' is deprecated
JavaScript warning: http://message.csdn.net/msg.popup.js, line 1496: redeclaration of block-scoped function `_msg_item_click_count' is deprecated
JavaScript warning: http://message.csdn.net/msg.popup.js, line 1503: redeclaration of block-scoped function `_message_callback' is deprecated
JavaScript warning: http://message.csdn.net/msg.popup.js, line 1539: redeclaration of block-scoped function `_message_get_search_args' is deprecated
JavaScript error: http://c.csdnimg.cn//atsuggest/atsuggest.js, line 588: TypeError: obj is null

(firefox:6775): GLib-GObject-CRITICAL **: g_type_add_interface_static: assertion 'g_type_parent (interface_type) == G_TYPE_INTERFACE' failed
JavaScript warning: http://pos.baidu.com/xcwm?rdid=2394820&dc=2&exps=110007&di=u2394820&dri=0&dis=0&dai=1&ps=201x1176&dcb=BAIDU_SSP_define&dtm=HTML_POST&dvi=0.0&dci=-1&dpt=none&tsr=0&tpr=1481634839728&ti=AttributeError%3A%20%27dict%27%20object%20has%20no%20attribute%20%27status_code%27&ari=2&dbv=0&drs=3&pcs=1843x985&pss=1843x3010&cfv=11&cpl=1&chi=1&cce=true&cec=UTF-8&tlm=1481634839&rw=985&ltu=http%3A%2F%2Fbbs.csdn.net%2Ftopics%2F390682270&ltr=https%3A%2F%2Fwww.baidu.com%2Flink%3Furl%3Dta23Fz2CXd-KM7Lg-iTqQ_HjFbMti54Ujzi8khyFxEwm4fbNyIR05sYcsBisfuWx%26wd%3D%26eqid%3Df6c1e9e40000868900000006584ff40f&ecd=1&psr=1920x1080&par=1920x1080&pis=-1x-1&ccd=24&cja=false&cmi=2&col=zh-CN&cdo=-1&tcn=1481634840&qn=1906fd1649aa3e38&tt=1481634839663.74.754.755, line 85: unreachable code after return statement
JavaScript warning: http://pos.baidu.com/xcwm?rdid=2394820&dc=2&exps=110007&di=u2394820&dri=0&dis=0&dai=1&ps=201x1176&dcb=BAIDU_SSP_define&dtm=HTML_POST&dvi=0.0&dci=-1&dpt=none&tsr=0&tpr=1481634839728&ti=AttributeError%3A%20%27dict%27%20object%20has%20no%20attribute%20%27status_code%27&ari=2&dbv=0&drs=3&pcs=1843x985&pss=1843x3010&cfv=11&cpl=1&chi=1&cce=true&cec=UTF-8&tlm=1481634839&rw=985&ltu=http%3A%2F%2Fbbs.csdn.net%2Ftopics%2F390682270&ltr=https%3A%2F%2Fwww.baidu.com%2Flink%3Furl%3Dta23Fz2CXd-KM7Lg-iTqQ_HjFbMti54Ujzi8khyFxEwm4fbNyIR05sYcsBisfuWx%26wd%3D%26eqid%3Df6c1e9e40000868900000006584ff40f&ecd=1&psr=1920x1080&par=1920x1080&pis=-1x-1&ccd=24&cja=false&cmi=2&col=zh-CN&cdo=-1&tcn=1481634840&qn=1906fd1649aa3e38&tt=1481634839663.74.754.755, line 85: unreachable code after return statement
1481634946515	geckodriver	INFO	Listening on 127.0.0.1:54733
1481634947512	mozprofile::profile	INFO	Using profile path /tmp/rust_mozprofile.6bx8bLkQNjD3
1481634947513	geckodriver::marionette	INFO	Starting browser /usr/bin/firefox
1481634947518	geckodriver::marionette	INFO	Connecting to Marionette on localhost:35373
1481634948895	Marionette	INFO	Listening on port 35373
Vector smash protection is enabled.

(firefox:7000): GLib-GObject-CRITICAL **: g_type_add_interface_static: assertion 'g_type_parent (interface_type) == G_TYPE_INTERFACE' failed

(firefox:7000): GLib-GObject-CRITICAL **: g_type_add_interface_static: assertion 'g_type_parent (interface_type) == G_TYPE_INTERFACE' failed

(firefox:7000): GLib-GObject-CRITICAL **: g_type_add_interface_static: assertion 'g_type_parent (interface_type) == G_TYPE_INTERFACE' failed
[NPAPI 7104] ###!!! ABORT: Aborting on channel error.: file /build/firefox-GoqHGf/firefox-50.0.2+build1/ipc/glue/MessageChannel.cpp, line 2056
[NPAPI 7104] ###!!! ABORT: Aborting on channel error.: file /build/firefox-GoqHGf/firefox-50.0.2+build1/ipc/glue/MessageChannel.cpp, line 2056
[Child 7060] ###!!! ABORT: Aborting on channel error.: file /build/firefox-GoqHGf/firefox-50.0.2+build1/ipc/glue/MessageChannel.cpp, line 2056
[Child 7060] ###!!! ABORT: Aborting on channel error.: file /build/firefox-GoqHGf/firefox-50.0.2+build1/ipc/glue/MessageChannel.cpp, line 2056

(firefox:6775): GLib-GObject-WARNING **: /build/glib2.0-7IO_Yw/glib2.0-2.48.1/./gobject/gsignal.c:3486: signal name 'selection_changed' is invalid for instance '0x7f0ea6562ab0' of type 'MaiAtkType139'

(firefox:6775): GLib-GObject-WARNING **: /build/glib2.0-7IO_Yw/glib2.0-2.48.1/./gobject/gsignal.c:3486: signal name 'selection_changed' is invalid for instance '0x7f0ea6562ab0' of type 'MaiAtkType139'

(firefox:6775): GLib-GObject-WARNING **: /build/glib2.0-7IO_Yw/glib2.0-2.48.1/./gobject/gsignal.c:3486: signal name 'selection_changed' is invalid for instance '0x7f0ea6562ab0' of type 'MaiAtkType139'

(firefox:6775): GLib-GObject-WARNING **: /build/glib2.0-7IO_Yw/glib2.0-2.48.1/./gobject/gsignal.c:3486: signal name 'selection_changed' is invalid for instance '0x7f0ea6562ab0' of type 'MaiAtkType139'

(firefox:6775): GLib-GObject-WARNING **: /build/glib2.0-7IO_Yw/glib2.0-2.48.1/./gobject/gsignal.c:3486: signal name 'selection_changed' is invalid for instance '0x7f0ea6562ab0' of type 'MaiAtkType139'

(firefox:6775): GLib-GObject-WARNING **: /build/glib2.0-7IO_Yw/glib2.0-2.48.1/./gobject/gsignal.c:3486: signal name 'selection_changed' is invalid for instance '0x7f0ea6562ab0' of type 'MaiAtkType139'

(firefox:6775): GLib-GObject-WARNING **: /build/glib2.0-7IO_Yw/glib2.0-2.48.1/./gobject/gsignal.c:3486: signal name 'selection_changed' is invalid for instance '0x7f0ea6562ab0' of type 'MaiAtkType139'

(firefox:6775): GLib-GObject-WARNING **: /build/glib2.0-7IO_Yw/glib2.0-2.48.1/./gobject/gsignal.c:3486: signal name 'selection_changed' is invalid for instance '0x7f0ea6562ab0' of type 'MaiAtkType139'

(firefox:6775): GLib-GObject-WARNING **: /build/glib2.0-7IO_Yw/glib2.0-2.48.1/./gobject/gsignal.c:3486: signal name 'selection_changed' is invalid for instance '0x7f0ea6562ab0' of type 'MaiAtkType139'

(firefox:6775): GLib-GObject-WARNING **: /build/glib2.0-7IO_Yw/glib2.0-2.48.1/./gobject/gsignal.c:3486: signal name 'selection_changed' is invalid for instance '0x7f0ea6562ab0' of type 'MaiAtkType139'

(firefox:6775): GLib-GObject-WARNING **: /build/glib2.0-7IO_Yw/glib2.0-2.48.1/./gobject/gsignal.c:3486: signal name 'selection_changed' is invalid for instance '0x7f0ea6562ab0' of type 'MaiAtkType139'

(firefox:6775): GLib-GObject-WARNING **: /build/glib2.0-7IO_Yw/glib2.0-2.48.1/./gobject/gsignal.c:3486: signal name 'selection_changed' is invalid for instance '0x7f0ea6562ab0' of type 'MaiAtkType139'

(firefox:6775): GLib-GObject-WARNING **: /build/glib2.0-7IO_Yw/glib2.0-2.48.1/./gobject/gsignal.c:3486: signal name 'selection_changed' is invalid for instance '0x7f0ea6562ab0' of type 'MaiAtkType139'

(firefox:6775): GLib-GObject-WARNING **: /build/glib2.0-7IO_Yw/glib2.0-2.48.1/./gobject/gsignal.c:3486: signal name 'selection_changed' is invalid for instance '0x7f0ea6562ab0' of type 'MaiAtkType139'

(firefox:6775): GLib-GObject-WARNING **: /build/glib2.0-7IO_Yw/glib2.0-2.48.1/./gobject/gsignal.c:3486: signal name 'selection_changed' is invalid for instance '0x7f0ea6562ab0' of type 'MaiAtkType139'

(firefox:6775): GLib-GObject-WARNING **: /build/glib2.0-7IO_Yw/glib2.0-2.48.1/./gobject/gsignal.c:3486: signal name 'selection_changed' is invalid for instance '0x7f0ea6562ab0' of type 'MaiAtkType139'

(firefox:6775): GLib-GObject-WARNING **: /build/glib2.0-7IO_Yw/glib2.0-2.48.1/./gobject/gsignal.c:3486: signal name 'selection_changed' is invalid for instance '0x7f0ea6562ab0' of type 'MaiAtkType139'

(firefox:6775): GLib-GObject-WARNING **: /build/glib2.0-7IO_Yw/glib2.0-2.48.1/./gobject/gsignal.c:3486: signal name 'selection_changed' is invalid for instance '0x7f0ea6562ab0' of type 'MaiAtkType139'

(firefox:6775): GLib-GObject-WARNING **: /build/glib2.0-7IO_Yw/glib2.0-2.48.1/./gobject/gsignal.c:3486: signal name 'selection_changed' is invalid for instance '0x7f0ea6562ab0' of type 'MaiAtkType139'

(firefox:6775): GLib-GObject-WARNING **: /build/glib2.0-7IO_Yw/glib2.0-2.48.1/./gobject/gsignal.c:3486: signal name 'selection_changed' is invalid for instance '0x7f0ea6562ab0' of type 'MaiAtkType139'

(firefox:6775): GLib-GObject-WARNING **: /build/glib2.0-7IO_Yw/glib2.0-2.48.1/./gobject/gsignal.c:3486: signal name 'selection_changed' is invalid for instance '0x7f0ea6562ab0' of type 'MaiAtkType139'

(firefox:6775): GLib-GObject-WARNING **: /build/glib2.0-7IO_Yw/glib2.0-2.48.1/./gobject/gsignal.c:3486: signal name 'selection_changed' is invalid for instance '0x7f0ea6562ab0' of type 'MaiAtkType139'

(firefox:6775): GLib-GObject-WARNING **: /build/glib2.0-7IO_Yw/glib2.0-2.48.1/./gobject/gsignal.c:3486: signal name 'selection_changed' is invalid for instance '0x7f0ea6562ab0' of type 'MaiAtkType139'

(firefox:6775): GLib-GObject-WARNING **: /build/glib2.0-7IO_Yw/glib2.0-2.48.1/./gobject/gsignal.c:3486: signal name 'selection_changed' is invalid for instance '0x7f0ea6562ab0' of type 'MaiAtkType139'

(firefox:6775): GLib-GObject-WARNING **: /build/glib2.0-7IO_Yw/glib2.0-2.48.1/./gobject/gsignal.c:3486: signal name 'selection_changed' is invalid for instance '0x7f0ea6562ab0' of type 'MaiAtkType139'

(firefox:6775): GLib-GObject-WARNING **: /build/glib2.0-7IO_Yw/glib2.0-2.48.1/./gobject/gsignal.c:3486: signal name 'selection_changed' is invalid for instance '0x7f0ea6562ab0' of type 'MaiAtkType139'

(firefox:6775): GLib-GObject-WARNING **: /build/glib2.0-7IO_Yw/glib2.0-2.48.1/./gobject/gsignal.c:3486: signal name 'selection_changed' is invalid for instance '0x7f0ea6562ab0' of type 'MaiAtkType139'

(firefox:6775): GLib-GObject-WARNING **: /build/glib2.0-7IO_Yw/glib2.0-2.48.1/./gobject/gsignal.c:3486: signal name 'selection_changed' is invalid for instance '0x7f0ea6562ab0' of type 'MaiAtkType139'

(firefox:6775): GLib-GObject-WARNING **: /build/glib2.0-7IO_Yw/glib2.0-2.48.1/./gobject/gsignal.c:3486: signal name 'selection_changed' is invalid for instance '0x7f0ea6562ab0' of type 'MaiAtkType139'

(firefox:6775): GLib-GObject-WARNING **: /build/glib2.0-7IO_Yw/glib2.0-2.48.1/./gobject/gsignal.c:3486: signal name 'selection_changed' is invalid for instance '0x7f0ea6562ab0' of type 'MaiAtkType139'

(firefox:6775): GLib-GObject-WARNING **: /build/glib2.0-7IO_Yw/glib2.0-2.48.1/./gobject/gsignal.c:3486: signal name 'selection_changed' is invalid for instance '0x7f0ea6562ab0' of type 'MaiAtkType139'

(firefox:6775): GLib-GObject-WARNING **: /build/glib2.0-7IO_Yw/glib2.0-2.48.1/./gobject/gsignal.c:3486: signal name 'selection_changed' is invalid for instance '0x7f0ea6562ab0' of type 'MaiAtkType139'

(firefox:6775): GLib-GObject-WARNING **: /build/glib2.0-7IO_Yw/glib2.0-2.48.1/./gobject/gsignal.c:3486: signal name 'selection_changed' is invalid for instance '0x7f0ea6562ab0' of type 'MaiAtkType139'

(firefox:6775): GLib-GObject-WARNING **: /build/glib2.0-7IO_Yw/glib2.0-2.48.1/./gobject/gsignal.c:3486: signal name 'selection_changed' is invalid for instance '0x7f0ea6562ab0' of type 'MaiAtkType139'

(firefox:6775): GLib-GObject-WARNING **: /build/glib2.0-7IO_Yw/glib2.0-2.48.1/./gobject/gsignal.c:3486: signal name 'selection_changed' is invalid for instance '0x7f0ea6562ab0' of type 'MaiAtkType139'

(firefox:6775): GLib-GObject-WARNING **: /build/glib2.0-7IO_Yw/glib2.0-2.48.1/./gobject/gsignal.c:3486: signal name 'selection_changed' is invalid for instance '0x7f0ea6562ab0' of type 'MaiAtkType139'

(firefox:6775): GLib-GObject-WARNING **: /build/glib2.0-7IO_Yw/glib2.0-2.48.1/./gobject/gsignal.c:3486: signal name 'selection_changed' is invalid for instance '0x7f0ea6562ab0' of type 'MaiAtkType139'

(firefox:6775): GLib-GObject-WARNING **: /build/glib2.0-7IO_Yw/glib2.0-2.48.1/./gobject/gsignal.c:3486: signal name 'selection_changed' is invalid for instance '0x7f0ea6562ab0' of type 'MaiAtkType139'

(firefox:6775): GLib-GObject-WARNING **: /build/glib2.0-7IO_Yw/glib2.0-2.48.1/./gobject/gsignal.c:3486: signal name 'selection_changed' is invalid for instance '0x7f0ea6562ab0' of type 'MaiAtkType139'

(firefox:6775): GLib-GObject-WARNING **: /build/glib2.0-7IO_Yw/glib2.0-2.48.1/./gobject/gsignal.c:3486: signal name 'selection_changed' is invalid for instance '0x7f0ea6562ab0' of type 'MaiAtkType139'

(firefox:6775): GLib-GObject-WARNING **: /build/glib2.0-7IO_Yw/glib2.0-2.48.1/./gobject/gsignal.c:3486: signal name 'selection_changed' is invalid for instance '0x7f0ea6562ab0' of type 'MaiAtkType139'

(firefox:6775): GLib-GObject-WARNING **: /build/glib2.0-7IO_Yw/glib2.0-2.48.1/./gobject/gsignal.c:3486: signal name 'selection_changed' is invalid for instance '0x7f0ea6562ab0' of type 'MaiAtkType139'

(firefox:6775): GLib-GObject-WARNING **: /build/glib2.0-7IO_Yw/glib2.0-2.48.1/./gobject/gsignal.c:3486: signal name 'selection_changed' is invalid for instance '0x7f0ea6562ab0' of type 'MaiAtkType139'

(firefox:6775): GLib-GObject-WARNING **: /build/glib2.0-7IO_Yw/glib2.0-2.48.1/./gobject/gsignal.c:3486: signal name 'selection_changed' is invalid for instance '0x7f0ea6562ab0' of type 'MaiAtkType139'

(firefox:6775): GLib-GObject-WARNING **: /build/glib2.0-7IO_Yw/glib2.0-2.48.1/./gobject/gsignal.c:3486: signal name 'selection_changed' is invalid for instance '0x7f0ea6562ab0' of type 'MaiAtkType139'

(firefox:6775): GLib-GObject-WARNING **: /build/glib2.0-7IO_Yw/glib2.0-2.48.1/./gobject/gsignal.c:3486: signal name 'selection_changed' is invalid for instance '0x7f0ea6562ab0' of type 'MaiAtkType139'

(firefox:6775): GLib-GObject-WARNING **: /build/glib2.0-7IO_Yw/glib2.0-2.48.1/./gobject/gsignal.c:3486: signal name 'selection_changed' is invalid for instance '0x7f0ea6562ab0' of type 'MaiAtkType139'

(firefox:6775): GLib-GObject-WARNING **: /build/glib2.0-7IO_Yw/glib2.0-2.48.1/./gobject/gsignal.c:3486: signal name 'selection_changed' is invalid for instance '0x7f0ea6562ab0' of type 'MaiAtkType139'

(firefox:6775): GLib-GObject-WARNING **: /build/glib2.0-7IO_Yw/glib2.0-2.48.1/./gobject/gsignal.c:3486: signal name 'selection_changed' is invalid for instance '0x7f0ea6562ab0' of type 'MaiAtkType139'
JavaScript error: http://bdimg.share.baidu.com/static/api/js/trans/logger.js?v=d16ec0e3.js, line 1: TypeError: n.ajax.request is not a function

###!!! [Child][MessageChannel] Error: (msgtype=0x4A011A,name=PContent::Msg_AsyncMessage) Channel closing: too late to send/recv, messages will be lost

JavaScript error: chrome://global/content/process-content.js, line 51: NS_ERROR_UNEXPECTED: Component returned failure code: 0x8000ffff (NS_ERROR_UNEXPECTED) [nsIMessageSender.sendAsyncMessage]

###!!! [Child][MessageChannel] Error: (msgtype=0x4A011A,name=PContent::Msg_AsyncMessage) Channel closing: too late to send/recv, messages will be lost

JavaScript error: chrome://global/content/process-content.js, line 51: NS_ERROR_UNEXPECTED: Component returned failure code: 0x8000ffff (NS_ERROR_UNEXPECTED) [nsIMessageSender.sendAsyncMessage]

###!!! [Child][MessageChannel] Error: (msgtype=0x4A011A,name=PContent::Msg_AsyncMessage) Channel closing: too late to send/recv, messages will be lost

JavaScript error: chrome://global/content/process-content.js, line 51: NS_ERROR_UNEXPECTED: Component returned failure code: 0x8000ffff (NS_ERROR_UNEXPECTED) [nsIMessageSender.sendAsyncMessage]

###!!! [Child][MessageChannel] Error: (msgtype=0x4A011A,name=PContent::Msg_AsyncMessage) Channel closing: too late to send/recv, messages will be lost

JavaScript error: chrome://global/content/process-content.js, line 51: NS_ERROR_UNEXPECTED: Component returned failure code: 0x8000ffff (NS_ERROR_UNEXPECTED) [nsIMessageSender.sendAsyncMessage]

###!!! [Child][MessageChannel] Error: (msgtype=0x4A011A,name=PContent::Msg_AsyncMessage) Channel closing: too late to send/recv, messages will be lost

JavaScript error: chrome://global/content/process-content.js, line 51: NS_ERROR_UNEXPECTED: Component returned failure code: 0x8000ffff (NS_ERROR_UNEXPECTED) [nsIMessageSender.sendAsyncMessage]

###!!! [Child][MessageChannel] Error: (msgtype=0x4A011A,name=PContent::Msg_AsyncMessage) Channel closing: too late to send/recv, messages will be lost

JavaScript error: chrome://global/content/process-content.js, line 51: NS_ERROR_UNEXPECTED: Component returned failure code: 0x8000ffff (NS_ERROR_UNEXPECTED) [nsIMessageSender.sendAsyncMessage]

###!!! [Child][MessageChannel] Error: (msgtype=0x4A011A,name=PContent::Msg_AsyncMessage) Channel closing: too late to send/recv, messages will be lost

JavaScript error: chrome://global/content/process-content.js, line 51: NS_ERROR_UNEXPECTED: Component returned failure code: 0x8000ffff (NS_ERROR_UNEXPECTED) [nsIMessageSender.sendAsyncMessage]

###!!! [Child][MessageChannel] Error: (msgtype=0x4A011A,name=PContent::Msg_AsyncMessage) Channel closing: too late to send/recv, messages will be lost

JavaScript error: chrome://global/content/process-content.js, line 51: NS_ERROR_UNEXPECTED: Component returned failure code: 0x8000ffff (NS_ERROR_UNEXPECTED) [nsIMessageSender.sendAsyncMessage]

###!!! [Child][MessageChannel] Error: (msgtype=0x4A011A,name=PContent::Msg_AsyncMessage) Channel closing: too late to send/recv, messages will be lost

JavaScript error: chrome://global/content/process-content.js, line 51: NS_ERROR_UNEXPECTED: Component returned failure code: 0x8000ffff (NS_ERROR_UNEXPECTED) [nsIMessageSender.sendAsyncMessage]

###!!! [Child][MessageChannel] Error: (msgtype=0x4A011A,name=PContent::Msg_AsyncMessage) Channel closing: too late to send/recv, messages will be lost

JavaScript error: chrome://global/content/process-content.js, line 51: NS_ERROR_UNEXPECTED: Component returned failure code: 0x8000ffff (NS_ERROR_UNEXPECTED) [nsIMessageSender.sendAsyncMessage]

###!!! [Child][MessageChannel] Error: (msgtype=0x4A011A,name=PContent::Msg_AsyncMessage) Channel closing: too late to send/recv, messages will be lost

JavaScript error: chrome://global/content/process-content.js, line 51: NS_ERROR_UNEXPECTED: Component returned failure code: 0x8000ffff (NS_ERROR_UNEXPECTED) [nsIMessageSender.sendAsyncMessage]

###!!! [Child][MessageChannel] Error: (msgtype=0x4A011A,name=PContent::Msg_AsyncMessage) Channel closing: too late to send/recv, messages will be lost

JavaScript error: chrome://global/content/process-content.js, line 51: NS_ERROR_UNEXPECTED: Component returned failure code: 0x8000ffff (NS_ERROR_UNEXPECTED) [nsIMessageSender.sendAsyncMessage]

###!!! [Child][MessageChannel] Error: (msgtype=0x4A011A,name=PContent::Msg_AsyncMessage) Channel closing: too late to send/recv, messages will be lost

JavaScript error: chrome://global/content/process-content.js, line 51: NS_ERROR_UNEXPECTED: Component returned failure code: 0x8000ffff (NS_ERROR_UNEXPECTED) [nsIMessageSender.sendAsyncMessage]

###!!! [Child][MessageChannel] Error: (msgtype=0x4A011A,name=PContent::Msg_AsyncMessage) Channel closing: too late to send/recv, messages will be lost

JavaScript error: chrome://global/content/process-content.js, line 51: NS_ERROR_UNEXPECTED: Component returned failure code: 0x8000ffff (NS_ERROR_UNEXPECTED) [nsIMessageSender.sendAsyncMessage]

###!!! [Child][MessageChannel] Error: (msgtype=0x4A011A,name=PContent::Msg_AsyncMessage) Channel closing: too late to send/recv, messages will be lost

JavaScript error: chrome://global/content/process-content.js, line 51: NS_ERROR_UNEXPECTED: Component returned failure code: 0x8000ffff (NS_ERROR_UNEXPECTED) [nsIMessageSender.sendAsyncMessage]

###!!! [Child][MessageChannel] Error: (msgtype=0x4A011A,name=PContent::Msg_AsyncMessage) Channel closing: too late to send/recv, messages will be lost

JavaScript error: chrome://global/content/process-content.js, line 51: NS_ERROR_UNEXPECTED: Component returned failure code: 0x8000ffff (NS_ERROR_UNEXPECTED) [nsIMessageSender.sendAsyncMessage]

###!!! [Child][MessageChannel] Error: (msgtype=0x4A011A,name=PContent::Msg_AsyncMessage) Channel closing: too late to send/recv, messages will be lost

JavaScript error: chrome://global/content/process-content.js, line 51: NS_ERROR_UNEXPECTED: Component returned failure code: 0x8000ffff (NS_ERROR_UNEXPECTED) [nsIMessageSender.sendAsyncMessage]

###!!! [Child][MessageChannel] Error: (msgtype=0x4A011A,name=PContent::Msg_AsyncMessage) Channel closing: too late to send/recv, messages will be lost

JavaScript error: chrome://global/content/process-content.js, line 51: NS_ERROR_UNEXPECTED: Component returned failure code: 0x8000ffff (NS_ERROR_UNEXPECTED) [nsIMessageSender.sendAsyncMessage]

###!!! [Child][MessageChannel] Error: (msgtype=0x4A011A,name=PContent::Msg_AsyncMessage) Channel closing: too late to send/recv, messages will be lost

JavaScript error: chrome://global/content/process-content.js, line 51: NS_ERROR_UNEXPECTED: Component returned failure code: 0x8000ffff (NS_ERROR_UNEXPECTED) [nsIMessageSender.sendAsyncMessage]

###!!! [Child][MessageChannel] Error: (msgtype=0x4A011A,name=PContent::Msg_AsyncMessage) Channel closing: too late to send/recv, messages will be lost

JavaScript error: chrome://global/content/process-content.js, line 51: NS_ERROR_UNEXPECTED: Component returned failure code: 0x8000ffff (NS_ERROR_UNEXPECTED) [nsIMessageSender.sendAsyncMessage]

###!!! [Child][MessageChannel] Error: (msgtype=0x4A011A,name=PContent::Msg_AsyncMessage) Channel closing: too late to send/recv, messages will be lost

JavaScript error: chrome://global/content/process-content.js, line 51: NS_ERROR_UNEXPECTED: Component returned failure code: 0x8000ffff (NS_ERROR_UNEXPECTED) [nsIMessageSender.sendAsyncMessage]

###!!! [Child][MessageChannel] Error: (msgtype=0x4A011A,name=PContent::Msg_AsyncMessage) Channel closing: too late to send/recv, messages will be lost

JavaScript error: chrome://global/content/process-content.js, line 51: NS_ERROR_UNEXPECTED: Component returned failure code: 0x8000ffff (NS_ERROR_UNEXPECTED) [nsIMessageSender.sendAsyncMessage]

###!!! [Child][MessageChannel] Error: (msgtype=0x4A011A,name=PContent::Msg_AsyncMessage) Channel closing: too late to send/recv, messages will be lost

JavaScript error: chrome://global/content/process-content.js, line 51: NS_ERROR_UNEXPECTED: Component returned failure code: 0x8000ffff (NS_ERROR_UNEXPECTED) [nsIMessageSender.sendAsyncMessage]

###!!! [Child][MessageChannel] Error: (msgtype=0x4A011A,name=PContent::Msg_AsyncMessage) Channel closing: too late to send/recv, messages will be lost

JavaScript error: chrome://global/content/process-content.js, line 51: NS_ERROR_UNEXPECTED: Component returned failure code: 0x8000ffff (NS_ERROR_UNEXPECTED) [nsIMessageSender.sendAsyncMessage]

###!!! [Child][MessageChannel] Error: (msgtype=0x4A011A,name=PContent::Msg_AsyncMessage) Channel closing: too late to send/recv, messages will be lost

JavaScript error: chrome://global/content/process-content.js, line 51: NS_ERROR_UNEXPECTED: Component returned failure code: 0x8000ffff (NS_ERROR_UNEXPECTED) [nsIMessageSender.sendAsyncMessage]

###!!! [Child][MessageChannel] Error: (msgtype=0x4A011A,name=PContent::Msg_AsyncMessage) Channel closing: too late to send/recv, messages will be lost

JavaScript error: chrome://global/content/process-content.js, line 51: NS_ERROR_UNEXPECTED: Component returned failure code: 0x8000ffff (NS_ERROR_UNEXPECTED) [nsIMessageSender.sendAsyncMessage]

###!!! [Child][MessageChannel] Error: (msgtype=0x4A011A,name=PContent::Msg_AsyncMessage) Channel closing: too late to send/recv, messages will be lost

JavaScript error: chrome://global/content/process-content.js, line 51: NS_ERROR_UNEXPECTED: Component returned failure code: 0x8000ffff (NS_ERROR_UNEXPECTED) [nsIMessageSender.sendAsyncMessage]

###!!! [Child][MessageChannel] Error: (msgtype=0x4A011A,name=PContent::Msg_AsyncMessage) Channel closing: too late to send/recv, messages will be lost

JavaScript error: chrome://global/content/process-content.js, line 51: NS_ERROR_UNEXPECTED: Component returned failure code: 0x8000ffff (NS_ERROR_UNEXPECTED) [nsIMessageSender.sendAsyncMessage]

###!!! [Child][MessageChannel] Error: (msgtype=0x4A011A,name=PContent::Msg_AsyncMessage) Channel closing: too late to send/recv, messages will be lost

JavaScript error: chrome://global/content/process-content.js, line 51: NS_ERROR_UNEXPECTED: Component returned failure code: 0x8000ffff (NS_ERROR_UNEXPECTED) [nsIMessageSender.sendAsyncMessage]

###!!! [Child][MessageChannel] Error: (msgtype=0x4A011A,name=PContent::Msg_AsyncMessage) Channel closing: too late to send/recv, messages will be lost

JavaScript error: chrome://global/content/process-content.js, line 51: NS_ERROR_UNEXPECTED: Component returned failure code: 0x8000ffff (NS_ERROR_UNEXPECTED) [nsIMessageSender.sendAsyncMessage]

###!!! [Child][MessageChannel] Error: (msgtype=0x4A011A,name=PContent::Msg_AsyncMessage) Channel closing: too late to send/recv, messages will be lost

JavaScript error: chrome://global/content/process-content.js, line 51: NS_ERROR_UNEXPECTED: Component returned failure code: 0x8000ffff (NS_ERROR_UNEXPECTED) [nsIMessageSender.sendAsyncMessage]

###!!! [Child][MessageChannel] Error: (msgtype=0x4A011A,name=PContent::Msg_AsyncMessage) Channel closing: too late to send/recv, messages will be lost

JavaScript error: chrome://global/content/process-content.js, line 51: NS_ERROR_UNEXPECTED: Component returned failure code: 0x8000ffff (NS_ERROR_UNEXPECTED) [nsIMessageSender.sendAsyncMessage]

###!!! [Child][MessageChannel] Error: (msgtype=0x4A011A,name=PContent::Msg_AsyncMessage) Channel closing: too late to send/recv, messages will be lost

JavaScript error: chrome://global/content/process-content.js, line 51: NS_ERROR_UNEXPECTED: Component returned failure code: 0x8000ffff (NS_ERROR_UNEXPECTED) [nsIMessageSender.sendAsyncMessage]

###!!! [Child][MessageChannel] Error: (msgtype=0x4A011A,name=PContent::Msg_AsyncMessage) Channel closing: too late to send/recv, messages will be lost

JavaScript error: chrome://global/content/process-content.js, line 51: NS_ERROR_UNEXPECTED: Component returned failure code: 0x8000ffff (NS_ERROR_UNEXPECTED) [nsIMessageSender.sendAsyncMessage]

###!!! [Child][MessageChannel] Error: (msgtype=0x4A011A,name=PContent::Msg_AsyncMessage) Channel closing: too late to send/recv, messages will be lost

JavaScript error: chrome://global/content/process-content.js, line 51: NS_ERROR_UNEXPECTED: Component returned failure code: 0x8000ffff (NS_ERROR_UNEXPECTED) [nsIMessageSender.sendAsyncMessage]

###!!! [Child][MessageChannel] Error: (msgtype=0x4A011A,name=PContent::Msg_AsyncMessage) Channel closing: too late to send/recv, messages will be lost

JavaScript error: chrome://global/content/process-content.js, line 51: NS_ERROR_UNEXPECTED: Component returned failure code: 0x8000ffff (NS_ERROR_UNEXPECTED) [nsIMessageSender.sendAsyncMessage]

###!!! [Child][MessageChannel] Error: (msgtype=0x4A011A,name=PContent::Msg_AsyncMessage) Channel closing: too late to send/recv, messages will be lost

JavaScript error: chrome://global/content/process-content.js, line 51: NS_ERROR_UNEXPECTED: Component returned failure code: 0x8000ffff (NS_ERROR_UNEXPECTED) [nsIMessageSender.sendAsyncMessage]

###!!! [Child][MessageChannel] Error: (msgtype=0x4A011A,name=PContent::Msg_AsyncMessage) Channel closing: too late to send/recv, messages will be lost

JavaScript error: chrome://global/content/process-content.js, line 51: NS_ERROR_UNEXPECTED: Component returned failure code: 0x8000ffff (NS_ERROR_UNEXPECTED) [nsIMessageSender.sendAsyncMessage]

###!!! [Child][MessageChannel] Error: (msgtype=0x4A011A,name=PContent::Msg_AsyncMessage) Channel closing: too late to send/recv, messages will be lost

JavaScript error: chrome://global/content/process-content.js, line 51: NS_ERROR_UNEXPECTED: Component returned failure code: 0x8000ffff (NS_ERROR_UNEXPECTED) [nsIMessageSender.sendAsyncMessage]

###!!! [Child][MessageChannel] Error: (msgtype=0x4A011A,name=PContent::Msg_AsyncMessage) Channel closing: too late to send/recv, messages will be lost

JavaScript error: chrome://global/content/process-content.js, line 51: NS_ERROR_UNEXPECTED: Component returned failure code: 0x8000ffff (NS_ERROR_UNEXPECTED) [nsIMessageSender.sendAsyncMessage]

###!!! [Child][MessageChannel] Error: (msgtype=0x4A011A,name=PContent::Msg_AsyncMessage) Channel closing: too late to send/recv, messages will be lost

JavaScript error: chrome://global/content/process-content.js, line 51: NS_ERROR_UNEXPECTED: Component returned failure code: 0x8000ffff (NS_ERROR_UNEXPECTED) [nsIMessageSender.sendAsyncMessage]

###!!! [Child][MessageChannel] Error: (msgtype=0x4A011A,name=PContent::Msg_AsyncMessage) Channel closing: too late to send/recv, messages will be lost

JavaScript error: chrome://global/content/process-content.js, line 51: NS_ERROR_UNEXPECTED: Component returned failure code: 0x8000ffff (NS_ERROR_UNEXPECTED) [nsIMessageSender.sendAsyncMessage]

###!!! [Child][MessageChannel] Error: (msgtype=0x4A011A,name=PContent::Msg_AsyncMessage) Channel closing: too late to send/recv, messages will be lost

JavaScript error: chrome://global/content/process-content.js, line 51: NS_ERROR_UNEXPECTED: Component returned failure code: 0x8000ffff (NS_ERROR_UNEXPECTED) [nsIMessageSender.sendAsyncMessage]

###!!! [Child][MessageChannel] Error: (msgtype=0x4A011A,name=PContent::Msg_AsyncMessage) Channel closing: too late to send/recv, messages will be lost

JavaScript error: chrome://global/content/process-content.js, line 51: NS_ERROR_UNEXPECTED: Component returned failure code: 0x8000ffff (NS_ERROR_UNEXPECTED) [nsIMessageSender.sendAsyncMessage]

###!!! [Child][MessageChannel] Error: (msgtype=0x4A011A,name=PContent::Msg_AsyncMessage) Channel closing: too late to send/recv, messages will be lost

JavaScript error: chrome://global/content/process-content.js, line 51: NS_ERROR_UNEXPECTED: Component returned failure code: 0x8000ffff (NS_ERROR_UNEXPECTED) [nsIMessageSender.sendAsyncMessage]

###!!! [Child][MessageChannel] Error: (msgtype=0x4A011A,name=PContent::Msg_AsyncMessage) Channel closing: too late to send/recv, messages will be lost

JavaScript error: chrome://global/content/process-content.js, line 51: NS_ERROR_UNEXPECTED: Component returned failure code: 0x8000ffff (NS_ERROR_UNEXPECTED) [nsIMessageSender.sendAsyncMessage]

###!!! [Child][OnMaybeDequeueOne] Error: Channel closing: too late to send/recv, messages will be lost


###!!! [Child][MessageChannel] Error: (msgtype=0x2E0045,name=PBrowser::Msg___delete__) Channel closing: too late to send/recv, messages will be lost


###!!! [Child][MessageChannel] Error: (msgtype=0x4A00C2,name=PContent::Msg_ConsoleMessage) Channel closing: too late to send/recv, messages will be lost

1481635406033	geckodriver	INFO	Listening on 127.0.0.1:48708
1481635407034	mozprofile::profile	INFO	Using profile path /tmp/rust_mozprofile.VDJ9duEp9PAC
1481635407034	geckodriver::marionette	INFO	Starting browser /usr/bin/firefox
1481635407037	geckodriver::marionette	INFO	Connecting to Marionette on localhost:39412
1481635408590	Marionette	INFO	Listening on port 39412
Vector smash protection is enabled.

(firefox:7263): GLib-GObject-CRITICAL **: g_type_add_interface_static: assertion 'g_type_parent (interface_type) == G_TYPE_INTERFACE' failed

(firefox:7263): GLib-GObject-CRITICAL **: g_type_add_interface_static: assertion 'g_type_parent (interface_type) == G_TYPE_INTERFACE' failed

(firefox:7263): GLib-GObject-CRITICAL **: g_type_add_interface_static: assertion 'g_type_parent (interface_type) == G_TYPE_INTERFACE' failed
[NPAPI 7363] ###!!! ABORT: Aborting on channel error.: file /build/firefox-GoqHGf/firefox-50.0.2+build1/ipc/glue/MessageChannel.cpp, line 2056
[NPAPI 7363] ###!!! ABORT: Aborting on channel error.: file /build/firefox-GoqHGf/firefox-50.0.2+build1/ipc/glue/MessageChannel.cpp, line 2056
[Child 7319] WARNING: pipe error (3): 连接被对方重设: file /build/firefox-GoqHGf/firefox-50.0.2+build1/ipc/chromium/src/chrome/common/ipc_channel_posix.cc, line 320
[Child 7319] ###!!! ABORT: Aborting on channel error.: file /build/firefox-GoqHGf/firefox-50.0.2+build1/ipc/glue/MessageChannel.cpp, line 2056
[Child 7319] ###!!! ABORT: Aborting on channel error.: file /build/firefox-GoqHGf/firefox-50.0.2+build1/ipc/glue/MessageChannel.cpp, line 2056
1481648593868	geckodriver	INFO	Listening on 127.0.0.1:34044
1481648594881	mozprofile::profile	INFO	Using profile path /tmp/rust_mozprofile.kYlyb4ziTQWa
1481648594883	geckodriver::marionette	INFO	Starting browser /usr/bin/firefox
1481648594894	geckodriver::marionette	INFO	Connecting to Marionette on localhost:42887
1481648596096	Marionette	INFO	Listening on port 42887
Vector smash protection is enabled.

(firefox:8756): GLib-GObject-CRITICAL **: g_type_add_interface_static: assertion 'g_type_parent (interface_type) == G_TYPE_INTERFACE' failed

(firefox:8756): GLib-GObject-CRITICAL **: g_type_add_interface_static: assertion 'g_type_parent (interface_type) == G_TYPE_INTERFACE' failed

(firefox:8756): GLib-GObject-CRITICAL **: g_type_add_interface_static: assertion 'g_type_parent (interface_type) == G_TYPE_INTERFACE' failed
[NPAPI 8863] ###!!! ABORT: Aborting on channel error.: file /build/firefox-GoqHGf/firefox-50.0.2+build1/ipc/glue/MessageChannel.cpp, line 2056
[NPAPI 8863] ###!!! ABORT: Aborting on channel error.: file /build/firefox-GoqHGf/firefox-50.0.2+build1/ipc/glue/MessageChannel.cpp, line 2056
[Child 8818] WARNING: pipe error (3): 连接被对方重设: file /build/firefox-GoqHGf/firefox-50.0.2+build1/ipc/chromium/src/chrome/common/ipc_channel_posix.cc, line 320
[Child 8818] ###!!! ABORT: Aborting on channel error.: file /build/firefox-GoqHGf/firefox-50.0.2+build1/ipc/glue/MessageChannel.cpp, line 2056
[Child 8818] ###!!! ABORT: Aborting on channel error.: file /build/firefox-GoqHGf/firefox-50.0.2+build1/ipc/glue/MessageChannel.cpp, line 2056
1481698458031	geckodriver	INFO	Listening on 127.0.0.1:39821
1481698458908	mozprofile::profile	INFO	Using profile path /tmp/rust_mozprofile.9AAEdKgq14bg
1481698458909	geckodriver::marionette	INFO	Starting browser /usr/bin/firefox
1481698458913	geckodriver::marionette	INFO	Connecting to Marionette on localhost:45675
1481698460094	Marionette	INFO	Listening on port 45675
Vector smash protection is enabled.

(firefox:4523): GLib-GObject-CRITICAL **: g_type_add_interface_static: assertion 'g_type_parent (interface_type) == G_TYPE_INTERFACE' failed

(firefox:4523): GLib-GObject-CRITICAL **: g_type_add_interface_static: assertion 'g_type_parent (interface_type) == G_TYPE_INTERFACE' failed

(firefox:4523): GLib-GObject-CRITICAL **: g_type_add_interface_static: assertion 'g_type_parent (interface_type) == G_TYPE_INTERFACE' failed
[NPAPI 4631] ###!!! ABORT: Aborting on channel error.: file /build/firefox-GoqHGf/firefox-50.0.2+build1/ipc/glue/MessageChannel.cpp, line 2056
[NPAPI 4631] ###!!! ABORT: Aborting on channel error.: file /build/firefox-GoqHGf/firefox-50.0.2+build1/ipc/glue/MessageChannel.cpp, line 2056
[Child 4586] ###!!! ABORT: Aborting on channel error.: file /build/firefox-GoqHGf/firefox-50.0.2+build1/ipc/glue/MessageChannel.cpp, line 2056
[Child 4586] ###!!! ABORT: Aborting on channel error.: file /build/firefox-GoqHGf/firefox-50.0.2+build1/ipc/glue/MessageChannel.cpp, line 2056
1481880552145	geckodriver	INFO	Listening on 127.0.0.1:59890
1481880553021	mozprofile::profile	INFO	Using profile path /tmp/rust_mozprofile.09LhGdpIMvuF
1481880553022	geckodriver::marionette	INFO	Starting browser /usr/bin/firefox
1481880553042	geckodriver::marionette	INFO	Connecting to Marionette on localhost:32948
1481880554888	Marionette	INFO	Listening on port 32948
Vector smash protection is enabled.

(firefox:6572): GLib-GObject-CRITICAL **: g_type_add_interface_static: assertion 'g_type_parent (interface_type) == G_TYPE_INTERFACE' failed

(firefox:6572): GLib-GObject-CRITICAL **: g_type_add_interface_static: assertion 'g_type_parent (interface_type) == G_TYPE_INTERFACE' failed

(firefox:6572): GLib-GObject-CRITICAL **: g_type_add_interface_static: assertion 'g_type_parent (interface_type) == G_TYPE_INTERFACE' failed
[NPAPI 6677] ###!!! ABORT: Aborting on channel error.: file /build/firefox-MkV0Xf/firefox-50.1.0+build2/ipc/glue/MessageChannel.cpp, line 2056
[NPAPI 6677] ###!!! ABORT: Aborting on channel error.: file /build/firefox-MkV0Xf/firefox-50.1.0+build2/ipc/glue/MessageChannel.cpp, line 2056
[Child 6633] ###!!! ABORT: Aborting on channel error.: file /build/firefox-MkV0Xf/firefox-50.1.0+build2/ipc/glue/MessageChannel.cpp, line 2056
[Child 6633] ###!!! ABORT: Aborting on channel error.: file /build/firefox-MkV0Xf/firefox-50.1.0+build2/ipc/glue/MessageChannel.cpp, line 2056
1481882644820	geckodriver	INFO	Listening on 127.0.0.1:60364
1481882645832	mozprofile::profile	INFO	Using profile path /tmp/rust_mozprofile.7lGMl5SRKrMo
1481882645833	geckodriver::marionette	INFO	Starting browser /usr/bin/firefox
1481882645838	geckodriver::marionette	INFO	Connecting to Marionette on localhost:42091
1481882647099	Marionette	INFO	Listening on port 42091
Vector smash protection is enabled.

(firefox:7040): GLib-GObject-CRITICAL **: g_type_add_interface_static: assertion 'g_type_parent (interface_type) == G_TYPE_INTERFACE' failed

(firefox:7040): GLib-GObject-CRITICAL **: g_type_add_interface_static: assertion 'g_type_parent (interface_type) == G_TYPE_INTERFACE' failed

(firefox:7040): GLib-GObject-CRITICAL **: g_type_add_interface_static: assertion 'g_type_parent (interface_type) == G_TYPE_INTERFACE' failed
[NPAPI 7144] ###!!! ABORT: Aborting on channel error.: file /build/firefox-MkV0Xf/firefox-50.1.0+build2/ipc/glue/MessageChannel.cpp, line 2056
[NPAPI 7144] ###!!! ABORT: Aborting on channel error.: file /build/firefox-MkV0Xf/firefox-50.1.0+build2/ipc/glue/MessageChannel.cpp, line 2056
[Child 7103] ###!!! ABORT: Aborting on channel error.: file /build/firefox-MkV0Xf/firefox-50.1.0+build2/ipc/glue/MessageChannel.cpp, line 2056
[Child 7103] ###!!! ABORT: Aborting on channel error.: file /build/firefox-MkV0Xf/firefox-50.1.0+build2/ipc/glue/MessageChannel.cpp, line 2056
1481882664119	geckodriver	INFO	Listening on 127.0.0.1:49072
1481882665120	mozprofile::profile	INFO	Using profile path /tmp/rust_mozprofile.WJclpAIGneOK
1481882665122	geckodriver::marionette	INFO	Starting browser /usr/bin/firefox
1481882665126	geckodriver::marionette	INFO	Connecting to Marionette on localhost:38586
1481882666227	Marionette	INFO	Listening on port 38586
Vector smash protection is enabled.

(firefox:7191): GLib-GObject-CRITICAL **: g_type_add_interface_static: assertion 'g_type_parent (interface_type) == G_TYPE_INTERFACE' failed

(firefox:7191): GLib-GObject-CRITICAL **: g_type_add_interface_static: assertion 'g_type_parent (interface_type) == G_TYPE_INTERFACE' failed

(firefox:7191): GLib-GObject-CRITICAL **: g_type_add_interface_static: assertion 'g_type_parent (interface_type) == G_TYPE_INTERFACE' failed
[NPAPI 7297] ###!!! ABORT: Aborting on channel error.: file /build/firefox-MkV0Xf/firefox-50.1.0+build2/ipc/glue/MessageChannel.cpp, line 2056
[NPAPI 7297] ###!!! ABORT: Aborting on channel error.: file /build/firefox-MkV0Xf/firefox-50.1.0+build2/ipc/glue/MessageChannel.cpp, line 2056
[Child 7256] ###!!! ABORT: Aborting on channel error.: file /build/firefox-MkV0Xf/firefox-50.1.0+build2/ipc/glue/MessageChannel.cpp, line 2056
[Child 7256] ###!!! ABORT: Aborting on channel error.: file /build/firefox-MkV0Xf/firefox-50.1.0+build2/ipc/glue/MessageChannel.cpp, line 2056
1481882965963	geckodriver	INFO	Listening on 127.0.0.1:48335
1481882966964	mozprofile::profile	INFO	Using profile path /tmp/rust_mozprofile.WOkObP32QxTu
1481882966965	geckodriver::marionette	INFO	Starting browser /usr/bin/firefox
1481882966973	geckodriver::marionette	INFO	Connecting to Marionette on localhost:35057
1481882968424	Marionette	INFO	Listening on port 35057
Vector smash protection is enabled.

(firefox:7398): GLib-GObject-CRITICAL **: g_type_add_interface_static: assertion 'g_type_parent (interface_type) == G_TYPE_INTERFACE' failed

(firefox:7398): GLib-GObject-CRITICAL **: g_type_add_interface_static: assertion 'g_type_parent (interface_type) == G_TYPE_INTERFACE' failed

(firefox:7398): GLib-GObject-CRITICAL **: g_type_add_interface_static: assertion 'g_type_parent (interface_type) == G_TYPE_INTERFACE' failed
[NPAPI 7503] ###!!! ABORT: Aborting on channel error.: file /build/firefox-MkV0Xf/firefox-50.1.0+build2/ipc/glue/MessageChannel.cpp, line 2056
[NPAPI 7503] ###!!! ABORT: Aborting on channel error.: file /build/firefox-MkV0Xf/firefox-50.1.0+build2/ipc/glue/MessageChannel.cpp, line 2056
[Child 7463] ###!!! ABORT: Aborting on channel error.: file /build/firefox-MkV0Xf/firefox-50.1.0+build2/ipc/glue/MessageChannel.cpp, line 2056
[Child 7463] ###!!! ABORT: Aborting on channel error.: file /build/firefox-MkV0Xf/firefox-50.1.0+build2/ipc/glue/MessageChannel.cpp, line 2056
1481892196233	geckodriver	INFO	Listening on 127.0.0.1:56977
1481892197234	mozprofile::profile	INFO	Using profile path /tmp/rust_mozprofile.y3vkfwBkSe3B
1481892197235	geckodriver::marionette	INFO	Starting browser /usr/bin/firefox
1481892197237	geckodriver::marionette	INFO	Connecting to Marionette on localhost:42937
1481892198352	Marionette	INFO	Listening on port 42937
JavaScript error: https://www.itjuzi.com/user/login, line 236: ReferenceError: $ is not defined
JavaScript error: https://www.itjuzi.com/user/login, line 282: ReferenceError: $ is not defined
JavaScript error: https://www.itjuzi.com/user/login, line 382: ReferenceError: $ is not defined
JavaScript error: https://www.itjuzi.com/assets/common/uploadify/jquery.uploadify.min.js, line 16: ReferenceError: $ is not defined
Vector smash protection is enabled.

(firefox:8594): GLib-GObject-CRITICAL **: g_type_add_interface_static: assertion 'g_type_parent (interface_type) == G_TYPE_INTERFACE' failed

(firefox:8594): GLib-GObject-CRITICAL **: g_type_add_interface_static: assertion 'g_type_parent (interface_type) == G_TYPE_INTERFACE' failed

(firefox:8594): GLib-GObject-CRITICAL **: g_type_add_interface_static: assertion 'g_type_parent (interface_type) == G_TYPE_INTERFACE' failed

(firefox:8594): GLib-GObject-CRITICAL **: g_type_add_interface_static: assertion 'g_type_parent (interface_type) == G_TYPE_INTERFACE' failed
[NPAPI 8705] ###!!! ABORT: Aborting on channel error.: file /build/firefox-MkV0Xf/firefox-50.1.0+build2/ipc/glue/MessageChannel.cpp, line 2056
[NPAPI 8705] ###!!! ABORT: Aborting on channel error.: file /build/firefox-MkV0Xf/firefox-50.1.0+build2/ipc/glue/MessageChannel.cpp, line 2056
[Child 8664] ###!!! ABORT: Aborting on channel error.: file /build/firefox-MkV0Xf/firefox-50.1.0+build2/ipc/glue/MessageChannel.cpp, line 2056
[Child 8664] ###!!! ABORT: Aborting on channel error.: file /build/firefox-MkV0Xf/firefox-50.1.0+build2/ipc/glue/MessageChannel.cpp, line 2056
1481892512025	geckodriver	INFO	Listening on 127.0.0.1:54122
1481892513022	mozprofile::profile	INFO	Using profile path /tmp/rust_mozprofile.DkME4chbg6fA
1481892513023	geckodriver::marionette	INFO	Starting browser /usr/bin/firefox
1481892513025	geckodriver::marionette	INFO	Connecting to Marionette on localhost:35158
1481892514207	Marionette	INFO	Listening on port 35158
Vector smash protection is enabled.

(firefox:8849): GLib-GObject-CRITICAL **: g_type_add_interface_static: assertion 'g_type_parent (interface_type) == G_TYPE_INTERFACE' failed

(firefox:8849): GLib-GObject-CRITICAL **: g_type_add_interface_static: assertion 'g_type_parent (interface_type) == G_TYPE_INTERFACE' failed

(firefox:8849): GLib-GObject-CRITICAL **: g_type_add_interface_static: assertion 'g_type_parent (interface_type) == G_TYPE_INTERFACE' failed

(firefox:8849): GLib-GObject-CRITICAL **: g_type_add_interface_static: assertion 'g_type_parent (interface_type) == G_TYPE_INTERFACE' failed

(firefox:8849): GLib-GObject-CRITICAL **: g_type_add_interface_static: assertion 'g_type_parent (interface_type) == G_TYPE_INTERFACE' failed

(firefox:8849): GLib-GObject-CRITICAL **: g_type_add_interface_static: assertion 'g_type_parent (interface_type) == G_TYPE_INTERFACE' failed
1481892921372	geckodriver	INFO	Listening on 127.0.0.1:36990
1481892922373	mozprofile::profile	INFO	Using profile path /tmp/rust_mozprofile.Ekt8Tl4xq43s
1481892922374	geckodriver::marionette	INFO	Starting browser /usr/bin/firefox
1481892922379	geckodriver::marionette	INFO	Connecting to Marionette on localhost:38917
1481892923682	Marionette	INFO	Listening on port 38917
JavaScript error: https://www.itjuzi.com/user/login, line 236: ReferenceError: $ is not defined
JavaScript error: https://www.itjuzi.com/user/login, line 282: ReferenceError: $ is not defined
JavaScript error: https://www.itjuzi.com/user/login, line 382: ReferenceError: $ is not defined
JavaScript error: https://www.itjuzi.com/assets/common/uploadify/jquery.uploadify.min.js, line 16: ReferenceError: $ is not defined
Vector smash protection is enabled.

(firefox:9094): GLib-GObject-CRITICAL **: g_type_add_interface_static: assertion 'g_type_parent (interface_type) == G_TYPE_INTERFACE' failed

(firefox:9094): GLib-GObject-CRITICAL **: g_type_add_interface_static: assertion 'g_type_parent (interface_type) == G_TYPE_INTERFACE' failed

(firefox:9094): GLib-GObject-CRITICAL **: g_type_add_interface_static: assertion 'g_type_parent (interface_type) == G_TYPE_INTERFACE' failed

(firefox:9094): GLib-GObject-CRITICAL **: g_type_add_interface_static: assertion 'g_type_parent (interface_type) == G_TYPE_INTERFACE' failed

(firefox:9094): GLib-GObject-WARNING **: /build/glib2.0-7IO_Yw/glib2.0-2.48.1/./gobject/gsignal.c:3486: signal name 'selection_changed' is invalid for instance '0x7f8ed632b790' of type 'MaiAtkType139'

(firefox:9094): GLib-GObject-WARNING **: /build/glib2.0-7IO_Yw/glib2.0-2.48.1/./gobject/gsignal.c:3486: signal name 'selection_changed' is invalid for instance '0x7f8ed632b970' of type 'MaiAtkType139'
[NPAPI 9197] ###!!! ABORT: Aborting on channel error.: file /build/firefox-MkV0Xf/firefox-50.1.0+build2/ipc/glue/MessageChannel.cpp, line 2056
[NPAPI 9197] ###!!! ABORT: Aborting on channel error.: file /build/firefox-MkV0Xf/firefox-50.1.0+build2/ipc/glue/MessageChannel.cpp, line 2056
[Child 9157] ###!!! ABORT: Aborting on channel error.: file /build/firefox-MkV0Xf/firefox-50.1.0+build2/ipc/glue/MessageChannel.cpp, line 2056
[Child 9157] ###!!! ABORT: Aborting on channel error.: file /build/firefox-MkV0Xf/firefox-50.1.0+build2/ipc/glue/MessageChannel.cpp, line 2056
1481893025712	geckodriver	INFO	Listening on 127.0.0.1:39777
1481893026715	mozprofile::profile	INFO	Using profile path /tmp/rust_mozprofile.kcQQh9hH55sU
1481893026716	geckodriver::marionette	INFO	Starting browser /usr/bin/firefox
1481893026720	geckodriver::marionette	INFO	Connecting to Marionette on localhost:42095
1481893027890	Marionette	INFO	Listening on port 42095
Vector smash protection is enabled.

(firefox:9271): GLib-GObject-CRITICAL **: g_type_add_interface_static: assertion 'g_type_parent (interface_type) == G_TYPE_INTERFACE' failed

(firefox:9271): GLib-GObject-CRITICAL **: g_type_add_interface_static: assertion 'g_type_parent (interface_type) == G_TYPE_INTERFACE' failed

(firefox:9271): GLib-GObject-CRITICAL **: g_type_add_interface_static: assertion 'g_type_parent (interface_type) == G_TYPE_INTERFACE' failed
[NPAPI 9380] ###!!! ABORT: Aborting on channel error.: file /build/firefox-MkV0Xf/firefox-50.1.0+build2/ipc/glue/MessageChannel.cpp, line 2056
[NPAPI 9380] ###!!! ABORT: Aborting on channel error.: file /build/firefox-MkV0Xf/firefox-50.1.0+build2/ipc/glue/MessageChannel.cpp, line 2056
[Child 9337] WARNING: pipe error (18): 连接被对方重设: file /build/firefox-MkV0Xf/firefox-50.1.0+build2/ipc/chromium/src/chrome/common/ipc_channel_posix.cc, line 320
[Child 9337] ###!!! ABORT: Aborting on channel error.: file /build/firefox-MkV0Xf/firefox-50.1.0+build2/ipc/glue/MessageChannel.cpp, line 2056
[Child 9337] ###!!! ABORT: Aborting on channel error.: file /build/firefox-MkV0Xf/firefox-50.1.0+build2/ipc/glue/MessageChannel.cpp, line 2056
1481893361874	geckodriver	INFO	Listening on 127.0.0.1:34491
1481893362875	mozprofile::profile	INFO	Using profile path /tmp/rust_mozprofile.E9cbXhsl4CIx
1481893362876	geckodriver::marionette	INFO	Starting browser /usr/bin/firefox
1481893362880	geckodriver::marionette	INFO	Connecting to Marionette on localhost:38546
1481893364230	Marionette	INFO	Listening on port 38546
Vector smash protection is enabled.

(firefox:9536): GLib-GObject-CRITICAL **: g_type_add_interface_static: assertion 'g_type_parent (interface_type) == G_TYPE_INTERFACE' failed

(firefox:9536): GLib-GObject-CRITICAL **: g_type_add_interface_static: assertion 'g_type_parent (interface_type) == G_TYPE_INTERFACE' failed

(firefox:9536): GLib-GObject-CRITICAL **: g_type_add_interface_static: assertion 'g_type_parent (interface_type) == G_TYPE_INTERFACE' failed

(firefox:9536): GLib-GObject-CRITICAL **: g_type_add_interface_static: assertion 'g_type_parent (interface_type) == G_TYPE_INTERFACE' failed

(firefox:9536): GLib-GObject-CRITICAL **: g_type_add_interface_static: assertion 'g_type_parent (interface_type) == G_TYPE_INTERFACE' failed

(firefox:9536): GLib-GObject-CRITICAL **: g_type_add_interface_static: assertion 'g_type_parent (interface_type) == G_TYPE_INTERFACE' failed
1481893463681	geckodriver	INFO	Listening on 127.0.0.1:38738
1481893464685	mozprofile::profile	INFO	Using profile path /tmp/rust_mozprofile.dERL2HqppB09
1481893464686	geckodriver::marionette	INFO	Starting browser /usr/bin/firefox
1481893464693	geckodriver::marionette	INFO	Connecting to Marionette on localhost:44009
1481893466130	Marionette	INFO	Listening on port 44009
Vector smash protection is enabled.

(firefox:9743): GLib-GObject-CRITICAL **: g_type_add_interface_static: assertion 'g_type_parent (interface_type) == G_TYPE_INTERFACE' failed

(firefox:9743): GLib-GObject-CRITICAL **: g_type_add_interface_static: assertion 'g_type_parent (interface_type) == G_TYPE_INTERFACE' failed

(firefox:9743): GLib-GObject-CRITICAL **: g_type_add_interface_static: assertion 'g_type_parent (interface_type) == G_TYPE_INTERFACE' failed
[NPAPI 9849] ###!!! ABORT: Aborting on channel error.: file /build/firefox-MkV0Xf/firefox-50.1.0+build2/ipc/glue/MessageChannel.cpp, line 2056
[NPAPI 9849] ###!!! ABORT: Aborting on channel error.: file /build/firefox-MkV0Xf/firefox-50.1.0+build2/ipc/glue/MessageChannel.cpp, line 2056
[Child 9808] ###!!! ABORT: Aborting on channel error.: file /build/firefox-MkV0Xf/firefox-50.1.0+build2/ipc/glue/MessageChannel.cpp, line 2056
[Child 9808] ###!!! ABORT: Aborting on channel error.: file /build/firefox-MkV0Xf/firefox-50.1.0+build2/ipc/glue/MessageChannel.cpp, line 2056
1481893576990	geckodriver	INFO	Listening on 127.0.0.1:47910
1481893577992	mozprofile::profile	INFO	Using profile path /tmp/rust_mozprofile.Ctzw0K0nPj1T
1481893577993	geckodriver::marionette	INFO	Starting browser /usr/bin/firefox
1481893578000	geckodriver::marionette	INFO	Connecting to Marionette on localhost:40888
1481893579194	Marionette	INFO	Listening on port 40888
Vector smash protection is enabled.

(firefox:9932): GLib-GObject-CRITICAL **: g_type_add_interface_static: assertion 'g_type_parent (interface_type) == G_TYPE_INTERFACE' failed

(firefox:9932): GLib-GObject-CRITICAL **: g_type_add_interface_static: assertion 'g_type_parent (interface_type) == G_TYPE_INTERFACE' failed

(firefox:9932): GLib-GObject-CRITICAL **: g_type_add_interface_static: assertion 'g_type_parent (interface_type) == G_TYPE_INTERFACE' failed
[NPAPI 10036] ###!!! ABORT: Aborting on channel error.: file /build/firefox-MkV0Xf/firefox-50.1.0+build2/ipc/glue/MessageChannel.cpp, line 2056
[NPAPI 10036] ###!!! ABORT: Aborting on channel error.: file /build/firefox-MkV0Xf/firefox-50.1.0+build2/ipc/glue/MessageChannel.cpp, line 2056
[Child 9994] ###!!! ABORT: Aborting on channel error.: file /build/firefox-MkV0Xf/firefox-50.1.0+build2/ipc/glue/MessageChannel.cpp, line 2056
[Child 9994] ###!!! ABORT: Aborting on channel error.: file /build/firefox-MkV0Xf/firefox-50.1.0+build2/ipc/glue/MessageChannel.cpp, line 2056
1481893816798	geckodriver	INFO	Listening on 127.0.0.1:37823
1481893817796	mozprofile::profile	INFO	Using profile path /tmp/rust_mozprofile.rISYNhYHy2rP
1481893817797	geckodriver::marionette	INFO	Starting browser /usr/bin/firefox
1481893817799	geckodriver::marionette	INFO	Connecting to Marionette on localhost:38499
1481893818884	Marionette	INFO	Listening on port 38499
JavaScript error: https://www.itjuzi.com/user/login, line 236: ReferenceError: $ is not defined
JavaScript error: https://www.itjuzi.com/user/login, line 282: ReferenceError: $ is not defined
JavaScript error: https://www.itjuzi.com/user/login, line 382: ReferenceError: $ is not defined
JavaScript error: https://www.itjuzi.com/assets/common/uploadify/jquery.uploadify.min.js, line 16: ReferenceError: $ is not defined
Vector smash protection is enabled.

(firefox:10282): GLib-GObject-CRITICAL **: g_type_add_interface_static: assertion 'g_type_parent (interface_type) == G_TYPE_INTERFACE' failed

(firefox:10282): GLib-GObject-CRITICAL **: g_type_add_interface_static: assertion 'g_type_parent (interface_type) == G_TYPE_INTERFACE' failed

(firefox:10282): GLib-GObject-CRITICAL **: g_type_add_interface_static: assertion 'g_type_parent (interface_type) == G_TYPE_INTERFACE' failed

(firefox:10282): GLib-GObject-CRITICAL **: g_type_add_interface_static: assertion 'g_type_parent (interface_type) == G_TYPE_INTERFACE' failed
[NPAPI 10389] ###!!! ABORT: Aborting on channel error.: file /build/firefox-MkV0Xf/firefox-50.1.0+build2/ipc/glue/MessageChannel.cpp, line 2056
[NPAPI 10389] ###!!! ABORT: Aborting on channel error.: file /build/firefox-MkV0Xf/firefox-50.1.0+build2/ipc/glue/MessageChannel.cpp, line 2056
[Child 10347] WARNING: pipe error (3): 连接被对方重设: file /build/firefox-MkV0Xf/firefox-50.1.0+build2/ipc/chromium/src/chrome/common/ipc_channel_posix.cc, line 320
[Child 10347] ###!!! ABORT: Aborting on channel error.: file /build/firefox-MkV0Xf/firefox-50.1.0+build2/ipc/glue/MessageChannel.cpp, line 2056
[Child 10347] ###!!! ABORT: Aborting on channel error.: file /build/firefox-MkV0Xf/firefox-50.1.0+build2/ipc/glue/MessageChannel.cpp, line 2056
1481899600593	geckodriver	INFO	Listening on 127.0.0.1:42957
1481899601596	mozprofile::profile	INFO	Using profile path /tmp/rust_mozprofile.pudPX3G6LTgK
1481899601597	geckodriver::marionette	INFO	Starting browser /usr/bin/firefox
1481899601604	geckodriver::marionette	INFO	Connecting to Marionette on localhost:34232
1481899602885	Marionette	INFO	Listening on port 34232
Vector smash protection is enabled.

(firefox:11489): GLib-GObject-CRITICAL **: g_type_add_interface_static: assertion 'g_type_parent (interface_type) == G_TYPE_INTERFACE' failed

(firefox:11489): GLib-GObject-CRITICAL **: g_type_add_interface_static: assertion 'g_type_parent (interface_type) == G_TYPE_INTERFACE' failed

(firefox:11489): GLib-GObject-CRITICAL **: g_type_add_interface_static: assertion 'g_type_parent (interface_type) == G_TYPE_INTERFACE' failed
[Child 11550] ###!!! ABORT: Aborting on channel error.: file /build/firefox-MkV0Xf/firefox-50.1.0+build2/ipc/glue/MessageChannel.cpp, line 2056
[Child 11550] ###!!! ABORT: Aborting on channel error.: file /build/firefox-MkV0Xf/firefox-50.1.0+build2/ipc/glue/MessageChannel.cpp, line 2056
1481899685867	geckodriver	INFO	Listening on 127.0.0.1:40820
1481899686877	mozprofile::profile	INFO	Using profile path /tmp/rust_mozprofile.IqsZrPQ1EIf8
1481899686879	geckodriver::marionette	INFO	Starting browser /usr/bin/firefox
1481899686883	geckodriver::marionette	INFO	Connecting to Marionette on localhost:42126
1481899688166	Marionette	INFO	Listening on port 42126
Vector smash protection is enabled.

(firefox:11644): GLib-GObject-CRITICAL **: g_type_add_interface_static: assertion 'g_type_parent (interface_type) == G_TYPE_INTERFACE' failed

(firefox:11644): GLib-GObject-CRITICAL **: g_type_add_interface_static: assertion 'g_type_parent (interface_type) == G_TYPE_INTERFACE' failed

(firefox:11644): GLib-GObject-CRITICAL **: g_type_add_interface_static: assertion 'g_type_parent (interface_type) == G_TYPE_INTERFACE' failed
[NPAPI 11750] ###!!! ABORT: Aborting on channel error.: file /build/firefox-MkV0Xf/firefox-50.1.0+build2/ipc/glue/MessageChannel.cpp, line 2056
[NPAPI 11750] ###!!! ABORT: Aborting on channel error.: file /build/firefox-MkV0Xf/firefox-50.1.0+build2/ipc/glue/MessageChannel.cpp, line 2056
[Child 11710] ###!!! ABORT: Aborting on channel error.: file /build/firefox-MkV0Xf/firefox-50.1.0+build2/ipc/glue/MessageChannel.cpp, line 2056
[Child 11710] ###!!! ABORT: Aborting on channel error.: file /build/firefox-MkV0Xf/firefox-50.1.0+build2/ipc/glue/MessageChannel.cpp, line 2056
1481899704298	geckodriver	INFO	Listening on 127.0.0.1:44279
1481899705299	mozprofile::profile	INFO	Using profile path /tmp/rust_mozprofile.zUqmBwAsANYm
1481899705300	geckodriver::marionette	INFO	Starting browser /usr/bin/firefox
1481899705305	geckodriver::marionette	INFO	Connecting to Marionette on localhost:46330
1481899706613	Marionette	INFO	Listening on port 46330
Vector smash protection is enabled.
[NPAPI 11894] ###!!! ABORT: Aborting on channel error.: file /build/firefox-MkV0Xf/firefox-50.1.0+build2/ipc/glue/MessageChannel.cpp, line 2056
[NPAPI 11894] ###!!! ABORT: Aborting on channel error.: file /build/firefox-MkV0Xf/firefox-50.1.0+build2/ipc/glue/MessageChannel.cpp, line 2056
1481900297182	geckodriver	INFO	Listening on 127.0.0.1:48888
1481900298186	mozprofile::profile	INFO	Using profile path /tmp/rust_mozprofile.V7e0jU5DbacO
1481900298187	geckodriver::marionette	INFO	Starting browser /usr/bin/firefox
1481900298190	geckodriver::marionette	INFO	Connecting to Marionette on localhost:33350
1481900299281	Marionette	INFO	Listening on port 33350
Vector smash protection is enabled.

(firefox:12002): GLib-GObject-CRITICAL **: g_type_add_interface_static: assertion 'g_type_parent (interface_type) == G_TYPE_INTERFACE' failed

(firefox:12002): GLib-GObject-CRITICAL **: g_type_add_interface_static: assertion 'g_type_parent (interface_type) == G_TYPE_INTERFACE' failed

(firefox:12002): GLib-GObject-CRITICAL **: g_type_add_interface_static: assertion 'g_type_parent (interface_type) == G_TYPE_INTERFACE' failed
[NPAPI 12107] ###!!! ABORT: Aborting on channel error.: file /build/firefox-MkV0Xf/firefox-50.1.0+build2/ipc/glue/MessageChannel.cpp, line 2056
[NPAPI 12107] ###!!! ABORT: Aborting on channel error.: file /build/firefox-MkV0Xf/firefox-50.1.0+build2/ipc/glue/MessageChannel.cpp, line 2056
[Child 12065] ###!!! ABORT: Aborting on channel error.: file /build/firefox-MkV0Xf/firefox-50.1.0+build2/ipc/glue/MessageChannel.cpp, line 2056
[Child 12065] ###!!! ABORT: Aborting on channel error.: file /build/firefox-MkV0Xf/firefox-50.1.0+build2/ipc/glue/MessageChannel.cpp, line 2056
1481900317343	geckodriver	INFO	Listening on 127.0.0.1:41709
1481900318340	mozprofile::profile	INFO	Using profile path /tmp/rust_mozprofile.J6v45NPfsKGF
1481900318342	geckodriver::marionette	INFO	Starting browser /usr/bin/firefox
1481900318348	geckodriver::marionette	INFO	Connecting to Marionette on localhost:45220
1481900319590	Marionette	INFO	Listening on port 45220
Vector smash protection is enabled.

(firefox:12146): GLib-GObject-CRITICAL **: g_type_add_interface_static: assertion 'g_type_parent (interface_type) == G_TYPE_INTERFACE' failed

(firefox:12146): GLib-GObject-CRITICAL **: g_type_add_interface_static: assertion 'g_type_parent (interface_type) == G_TYPE_INTERFACE' failed

(firefox:12146): GLib-GObject-CRITICAL **: g_type_add_interface_static: assertion 'g_type_parent (interface_type) == G_TYPE_INTERFACE' failed
[NPAPI 12254] ###!!! ABORT: Aborting on channel error.: file /build/firefox-MkV0Xf/firefox-50.1.0+build2/ipc/glue/MessageChannel.cpp, line 2056
[NPAPI 12254] ###!!! ABORT: Aborting on channel error.: file /build/firefox-MkV0Xf/firefox-50.1.0+build2/ipc/glue/MessageChannel.cpp, line 2056
[Child 12210] ###!!! ABORT: Aborting on channel error.: file /build/firefox-MkV0Xf/firefox-50.1.0+build2/ipc/glue/MessageChannel.cpp, line 2056
[Child 12210] ###!!! ABORT: Aborting on channel error.: file /build/firefox-MkV0Xf/firefox-50.1.0+build2/ipc/glue/MessageChannel.cpp, line 2056
1481900339785	geckodriver	INFO	Listening on 127.0.0.1:54379
1481900340781	mozprofile::profile	INFO	Using profile path /tmp/rust_mozprofile.xzC1QJ56yV7f
1481900340782	geckodriver::marionette	INFO	Starting browser /usr/bin/firefox
1481900340786	geckodriver::marionette	INFO	Connecting to Marionette on localhost:44315
1481900341860	Marionette	INFO	Listening on port 44315
Vector smash protection is enabled.

(firefox:12294): GLib-GObject-CRITICAL **: g_type_add_interface_static: assertion 'g_type_parent (interface_type) == G_TYPE_INTERFACE' failed

(firefox:12294): GLib-GObject-CRITICAL **: g_type_add_interface_static: assertion 'g_type_parent (interface_type) == G_TYPE_INTERFACE' failed

(firefox:12294): GLib-GObject-CRITICAL **: g_type_add_interface_static: assertion 'g_type_parent (interface_type) == G_TYPE_INTERFACE' failed
[NPAPI 12399] ###!!! ABORT: Aborting on channel error.: file /build/firefox-MkV0Xf/firefox-50.1.0+build2/ipc/glue/MessageChannel.cpp, line 2056
[NPAPI 12399] ###!!! ABORT: Aborting on channel error.: file /build/firefox-MkV0Xf/firefox-50.1.0+build2/ipc/glue/MessageChannel.cpp, line 2056
[Child 12356] ###!!! ABORT: Aborting on channel error.: file /build/firefox-MkV0Xf/firefox-50.1.0+build2/ipc/glue/MessageChannel.cpp, line 2056
[Child 12356] ###!!! ABORT: Aborting on channel error.: file /build/firefox-MkV0Xf/firefox-50.1.0+build2/ipc/glue/MessageChannel.cpp, line 2056

###!!! [Child][MessageChannel] Error: (msgtype=0x1060003,name=PTexture::Msg_Destroy) Channel error: cannot send/recv


###!!! [Child][MessageChannel] Error: (msgtype=0x1060003,name=PTexture::Msg_Destroy) Channel error: cannot send/recv


###!!! [Child][MessageChannel] Error: (msgtype=0x420003,name=PCompositable::Msg_Destroy) Channel error: cannot send/recv


###!!! [Child][MessageChannel] Error: (msgtype=0x1060003,name=PTexture::Msg_Destroy) Channel error: cannot send/recv


###!!! [Child][MessageChannel] Error: (msgtype=0x1060003,name=PTexture::Msg_Destroy) Channel error: cannot send/recv


###!!! [Child][MessageChannel] Error: (msgtype=0x420003,name=PCompositable::Msg_Destroy) Channel error: cannot send/recv


###!!! [Child][MessageChannel] Error: (msgtype=0x1060003,name=PTexture::Msg_Destroy) Channel error: cannot send/recv


###!!! [Child][MessageChannel] Error: (msgtype=0x1060003,name=PTexture::Msg_Destroy) Channel error: cannot send/recv

1481900361164	geckodriver	INFO	Listening on 127.0.0.1:52270
